  Inventory.cpp
C:\Users\lemon\Documents\SunHaven\SunHaven\SunHaven\FrameWork\GImage\GImage.h(116,14): warning C4838: 'float'에서 'LONG'(으)로의 변환에는 축소 변환이 필요합니다.
C:\Users\lemon\Documents\SunHaven\SunHaven\SunHaven\FrameWork\GImage\GImage.h(116,14): warning C4244: '초기화 중': 'float'에서 'LONG'(으)로 변환하면서 데이터가 손실될 수 있습니다.
C:\Users\lemon\Documents\SunHaven\SunHaven\SunHaven\FrameWork\GImage\GImage.h(117,14): warning C4838: 'float'에서 'LONG'(으)로의 변환에는 축소 변환이 필요합니다.
C:\Users\lemon\Documents\SunHaven\SunHaven\SunHaven\FrameWork\GImage\GImage.h(117,14): warning C4244: '초기화 중': 'float'에서 'LONG'(으)로 변환하면서 데이터가 손실될 수 있습니다.
C:\Users\lemon\Documents\SunHaven\SunHaven\SunHaven\FrameWork\GImage\GImage.h(118,18): warning C4838: 'float'에서 'LONG'(으)로의 변환에는 축소 변환이 필요합니다.
C:\Users\lemon\Documents\SunHaven\SunHaven\SunHaven\FrameWork\GImage\GImage.h(118,18): warning C4244: '초기화 중': 'float'에서 'LONG'(으)로 변환하면서 데이터가 손실될 수 있습니다.
C:\Users\lemon\Documents\SunHaven\SunHaven\SunHaven\FrameWork\GImage\GImage.h(119,18): warning C4838: 'float'에서 'LONG'(으)로의 변환에는 축소 변환이 필요합니다.
C:\Users\lemon\Documents\SunHaven\SunHaven\SunHaven\FrameWork\GImage\GImage.h(119,18): warning C4244: '초기화 중': 'float'에서 'LONG'(으)로 변환하면서 데이터가 손실될 수 있습니다.
C:\Users\lemon\Documents\SunHaven\SunHaven\SunHaven\FrameWork\GImage\GImage.h(128,14): warning C4838: 'float'에서 'LONG'(으)로의 변환에는 축소 변환이 필요합니다.
C:\Users\lemon\Documents\SunHaven\SunHaven\SunHaven\FrameWork\GImage\GImage.h(128,14): warning C4244: '초기화 중': 'float'에서 'LONG'(으)로 변환하면서 데이터가 손실될 수 있습니다.
C:\Users\lemon\Documents\SunHaven\SunHaven\SunHaven\FrameWork\GImage\GImage.h(129,14): warning C4838: 'float'에서 'LONG'(으)로의 변환에는 축소 변환이 필요합니다.
C:\Users\lemon\Documents\SunHaven\SunHaven\SunHaven\FrameWork\GImage\GImage.h(129,14): warning C4244: '초기화 중': 'float'에서 'LONG'(으)로 변환하면서 데이터가 손실될 수 있습니다.
C:\Users\lemon\Documents\SunHaven\SunHaven\SunHaven\FrameWork\GImage\GImage.h(130,18): warning C4838: 'float'에서 'LONG'(으)로의 변환에는 축소 변환이 필요합니다.
C:\Users\lemon\Documents\SunHaven\SunHaven\SunHaven\FrameWork\GImage\GImage.h(130,18): warning C4244: '초기화 중': 'float'에서 'LONG'(으)로 변환하면서 데이터가 손실될 수 있습니다.
C:\Users\lemon\Documents\SunHaven\SunHaven\SunHaven\FrameWork\GImage\GImage.h(131,18): warning C4838: 'float'에서 'LONG'(으)로의 변환에는 축소 변환이 필요합니다.
C:\Users\lemon\Documents\SunHaven\SunHaven\SunHaven\FrameWork\GImage\GImage.h(131,18): warning C4244: '초기화 중': 'float'에서 'LONG'(으)로 변환하면서 데이터가 손실될 수 있습니다.
C:\Users\lemon\Documents\SunHaven\SunHaven\SunHaven\Class\Inventory.cpp(206,182): error C2664: 'void FontManager::textOut(HDC,int,int,char *,int,int,char *,int,COLORREF)': 인수 4을(를) 'const char [19]'에서 'char *'(으)로 변환할 수 없습니다.
C:\Users\lemon\Documents\SunHaven\SunHaven\SunHaven\Class\Inventory.cpp(206,57): message : 문자열 리터럴로부터의 변환은 const 한정자가 손실됩니다(/Zc:strictStrings 참조).
C:\Users\lemon\Documents\SunHaven\SunHaven\SunHaven\Manager\FontManager.h(7,7): message : 'FontManager::textOut' 선언을 참조하십시오.
C:\Users\lemon\Documents\SunHaven\SunHaven\SunHaven\Class\Inventory.cpp(209,182): error C2664: 'void FontManager::textOut(HDC,int,int,char *,int,int,char *,int,COLORREF)': 인수 4을(를) 'const char [19]'에서 'char *'(으)로 변환할 수 없습니다.
C:\Users\lemon\Documents\SunHaven\SunHaven\SunHaven\Class\Inventory.cpp(209,57): message : 문자열 리터럴로부터의 변환은 const 한정자가 손실됩니다(/Zc:strictStrings 참조).
C:\Users\lemon\Documents\SunHaven\SunHaven\SunHaven\Manager\FontManager.h(7,7): message : 'FontManager::textOut' 선언을 참조하십시오.
C:\Users\lemon\Documents\SunHaven\SunHaven\SunHaven\Class\Inventory.cpp(212,182): error C2664: 'void FontManager::textOut(HDC,int,int,char *,int,int,char *,int,COLORREF)': 인수 4을(를) 'const char [19]'에서 'char *'(으)로 변환할 수 없습니다.
C:\Users\lemon\Documents\SunHaven\SunHaven\SunHaven\Class\Inventory.cpp(212,57): message : 문자열 리터럴로부터의 변환은 const 한정자가 손실됩니다(/Zc:strictStrings 참조).
C:\Users\lemon\Documents\SunHaven\SunHaven\SunHaven\Manager\FontManager.h(7,7): message : 'FontManager::textOut' 선언을 참조하십시오.
C:\Users\lemon\Documents\SunHaven\SunHaven\SunHaven\Class\Inventory.cpp(215,176): error C2664: 'void FontManager::textOut(HDC,int,int,char *,int,int,char *,int,COLORREF)': 인수 4을(를) 'const char [19]'에서 'char *'(으)로 변환할 수 없습니다.
C:\Users\lemon\Documents\SunHaven\SunHaven\SunHaven\Class\Inventory.cpp(215,57): message : 문자열 리터럴로부터의 변환은 const 한정자가 손실됩니다(/Zc:strictStrings 참조).
C:\Users\lemon\Documents\SunHaven\SunHaven\SunHaven\Manager\FontManager.h(7,7): message : 'FontManager::textOut' 선언을 참조하십시오.
  Item.cpp
C:\Users\lemon\Documents\SunHaven\SunHaven\SunHaven\FrameWork\GImage\GImage.h(116,14): warning C4838: 'float'에서 'LONG'(으)로의 변환에는 축소 변환이 필요합니다.
C:\Users\lemon\Documents\SunHaven\SunHaven\SunHaven\FrameWork\GImage\GImage.h(116,14): warning C4244: '초기화 중': 'float'에서 'LONG'(으)로 변환하면서 데이터가 손실될 수 있습니다.
C:\Users\lemon\Documents\SunHaven\SunHaven\SunHaven\FrameWork\GImage\GImage.h(117,14): warning C4838: 'float'에서 'LONG'(으)로의 변환에는 축소 변환이 필요합니다.
C:\Users\lemon\Documents\SunHaven\SunHaven\SunHaven\FrameWork\GImage\GImage.h(117,14): warning C4244: '초기화 중': 'float'에서 'LONG'(으)로 변환하면서 데이터가 손실될 수 있습니다.
C:\Users\lemon\Documents\SunHaven\SunHaven\SunHaven\FrameWork\GImage\GImage.h(118,18): warning C4838: 'float'에서 'LONG'(으)로의 변환에는 축소 변환이 필요합니다.
C:\Users\lemon\Documents\SunHaven\SunHaven\SunHaven\FrameWork\GImage\GImage.h(118,18): warning C4244: '초기화 중': 'float'에서 'LONG'(으)로 변환하면서 데이터가 손실될 수 있습니다.
C:\Users\lemon\Documents\SunHaven\SunHaven\SunHaven\FrameWork\GImage\GImage.h(119,18): warning C4838: 'float'에서 'LONG'(으)로의 변환에는 축소 변환이 필요합니다.
C:\Users\lemon\Documents\SunHaven\SunHaven\SunHaven\FrameWork\GImage\GImage.h(119,18): warning C4244: '초기화 중': 'float'에서 'LONG'(으)로 변환하면서 데이터가 손실될 수 있습니다.
C:\Users\lemon\Documents\SunHaven\SunHaven\SunHaven\FrameWork\GImage\GImage.h(128,14): warning C4838: 'float'에서 'LONG'(으)로의 변환에는 축소 변환이 필요합니다.
C:\Users\lemon\Documents\SunHaven\SunHaven\SunHaven\FrameWork\GImage\GImage.h(128,14): warning C4244: '초기화 중': 'float'에서 'LONG'(으)로 변환하면서 데이터가 손실될 수 있습니다.
C:\Users\lemon\Documents\SunHaven\SunHaven\SunHaven\FrameWork\GImage\GImage.h(129,14): warning C4838: 'float'에서 'LONG'(으)로의 변환에는 축소 변환이 필요합니다.
C:\Users\lemon\Documents\SunHaven\SunHaven\SunHaven\FrameWork\GImage\GImage.h(129,14): warning C4244: '초기화 중': 'float'에서 'LONG'(으)로 변환하면서 데이터가 손실될 수 있습니다.
C:\Users\lemon\Documents\SunHaven\SunHaven\SunHaven\FrameWork\GImage\GImage.h(130,18): warning C4838: 'float'에서 'LONG'(으)로의 변환에는 축소 변환이 필요합니다.
C:\Users\lemon\Documents\SunHaven\SunHaven\SunHaven\FrameWork\GImage\GImage.h(130,18): warning C4244: '초기화 중': 'float'에서 'LONG'(으)로 변환하면서 데이터가 손실될 수 있습니다.
C:\Users\lemon\Documents\SunHaven\SunHaven\SunHaven\FrameWork\GImage\GImage.h(131,18): warning C4838: 'float'에서 'LONG'(으)로의 변환에는 축소 변환이 필요합니다.
C:\Users\lemon\Documents\SunHaven\SunHaven\SunHaven\FrameWork\GImage\GImage.h(131,18): warning C4244: '초기화 중': 'float'에서 'LONG'(으)로 변환하면서 데이터가 손실될 수 있습니다.
  Player.cpp
C:\Users\lemon\Documents\SunHaven\SunHaven\SunHaven\FrameWork\GImage\GImage.h(116,14): warning C4838: 'float'에서 'LONG'(으)로의 변환에는 축소 변환이 필요합니다.
C:\Users\lemon\Documents\SunHaven\SunHaven\SunHaven\FrameWork\GImage\GImage.h(116,14): warning C4244: '초기화 중': 'float'에서 'LONG'(으)로 변환하면서 데이터가 손실될 수 있습니다.
C:\Users\lemon\Documents\SunHaven\SunHaven\SunHaven\FrameWork\GImage\GImage.h(117,14): warning C4838: 'float'에서 'LONG'(으)로의 변환에는 축소 변환이 필요합니다.
C:\Users\lemon\Documents\SunHaven\SunHaven\SunHaven\FrameWork\GImage\GImage.h(117,14): warning C4244: '초기화 중': 'float'에서 'LONG'(으)로 변환하면서 데이터가 손실될 수 있습니다.
C:\Users\lemon\Documents\SunHaven\SunHaven\SunHaven\FrameWork\GImage\GImage.h(118,18): warning C4838: 'float'에서 'LONG'(으)로의 변환에는 축소 변환이 필요합니다.
C:\Users\lemon\Documents\SunHaven\SunHaven\SunHaven\FrameWork\GImage\GImage.h(118,18): warning C4244: '초기화 중': 'float'에서 'LONG'(으)로 변환하면서 데이터가 손실될 수 있습니다.
C:\Users\lemon\Documents\SunHaven\SunHaven\SunHaven\FrameWork\GImage\GImage.h(119,18): warning C4838: 'float'에서 'LONG'(으)로의 변환에는 축소 변환이 필요합니다.
C:\Users\lemon\Documents\SunHaven\SunHaven\SunHaven\FrameWork\GImage\GImage.h(119,18): warning C4244: '초기화 중': 'float'에서 'LONG'(으)로 변환하면서 데이터가 손실될 수 있습니다.
C:\Users\lemon\Documents\SunHaven\SunHaven\SunHaven\FrameWork\GImage\GImage.h(128,14): warning C4838: 'float'에서 'LONG'(으)로의 변환에는 축소 변환이 필요합니다.
C:\Users\lemon\Documents\SunHaven\SunHaven\SunHaven\FrameWork\GImage\GImage.h(128,14): warning C4244: '초기화 중': 'float'에서 'LONG'(으)로 변환하면서 데이터가 손실될 수 있습니다.
C:\Users\lemon\Documents\SunHaven\SunHaven\SunHaven\FrameWork\GImage\GImage.h(129,14): warning C4838: 'float'에서 'LONG'(으)로의 변환에는 축소 변환이 필요합니다.
C:\Users\lemon\Documents\SunHaven\SunHaven\SunHaven\FrameWork\GImage\GImage.h(129,14): warning C4244: '초기화 중': 'float'에서 'LONG'(으)로 변환하면서 데이터가 손실될 수 있습니다.
C:\Users\lemon\Documents\SunHaven\SunHaven\SunHaven\FrameWork\GImage\GImage.h(130,18): warning C4838: 'float'에서 'LONG'(으)로의 변환에는 축소 변환이 필요합니다.
C:\Users\lemon\Documents\SunHaven\SunHaven\SunHaven\FrameWork\GImage\GImage.h(130,18): warning C4244: '초기화 중': 'float'에서 'LONG'(으)로 변환하면서 데이터가 손실될 수 있습니다.
C:\Users\lemon\Documents\SunHaven\SunHaven\SunHaven\FrameWork\GImage\GImage.h(131,18): warning C4838: 'float'에서 'LONG'(으)로의 변환에는 축소 변환이 필요합니다.
C:\Users\lemon\Documents\SunHaven\SunHaven\SunHaven\FrameWork\GImage\GImage.h(131,18): warning C4244: '초기화 중': 'float'에서 'LONG'(으)로 변환하면서 데이터가 손실될 수 있습니다.
  FarmScene.cpp
C:\Users\lemon\Documents\SunHaven\SunHaven\SunHaven\FrameWork\GImage\GImage.h(116,14): warning C4838: 'float'에서 'LONG'(으)로의 변환에는 축소 변환이 필요합니다.
C:\Users\lemon\Documents\SunHaven\SunHaven\SunHaven\FrameWork\GImage\GImage.h(116,14): warning C4244: '초기화 중': 'float'에서 'LONG'(으)로 변환하면서 데이터가 손실될 수 있습니다.
C:\Users\lemon\Documents\SunHaven\SunHaven\SunHaven\FrameWork\GImage\GImage.h(117,14): warning C4838: 'float'에서 'LONG'(으)로의 변환에는 축소 변환이 필요합니다.
C:\Users\lemon\Documents\SunHaven\SunHaven\SunHaven\FrameWork\GImage\GImage.h(117,14): warning C4244: '초기화 중': 'float'에서 'LONG'(으)로 변환하면서 데이터가 손실될 수 있습니다.
C:\Users\lemon\Documents\SunHaven\SunHaven\SunHaven\FrameWork\GImage\GImage.h(118,18): warning C4838: 'float'에서 'LONG'(으)로의 변환에는 축소 변환이 필요합니다.
C:\Users\lemon\Documents\SunHaven\SunHaven\SunHaven\FrameWork\GImage\GImage.h(118,18): warning C4244: '초기화 중': 'float'에서 'LONG'(으)로 변환하면서 데이터가 손실될 수 있습니다.
C:\Users\lemon\Documents\SunHaven\SunHaven\SunHaven\FrameWork\GImage\GImage.h(119,18): warning C4838: 'float'에서 'LONG'(으)로의 변환에는 축소 변환이 필요합니다.
C:\Users\lemon\Documents\SunHaven\SunHaven\SunHaven\FrameWork\GImage\GImage.h(119,18): warning C4244: '초기화 중': 'float'에서 'LONG'(으)로 변환하면서 데이터가 손실될 수 있습니다.
C:\Users\lemon\Documents\SunHaven\SunHaven\SunHaven\FrameWork\GImage\GImage.h(128,14): warning C4838: 'float'에서 'LONG'(으)로의 변환에는 축소 변환이 필요합니다.
C:\Users\lemon\Documents\SunHaven\SunHaven\SunHaven\FrameWork\GImage\GImage.h(128,14): warning C4244: '초기화 중': 'float'에서 'LONG'(으)로 변환하면서 데이터가 손실될 수 있습니다.
C:\Users\lemon\Documents\SunHaven\SunHaven\SunHaven\FrameWork\GImage\GImage.h(129,14): warning C4838: 'float'에서 'LONG'(으)로의 변환에는 축소 변환이 필요합니다.
C:\Users\lemon\Documents\SunHaven\SunHaven\SunHaven\FrameWork\GImage\GImage.h(129,14): warning C4244: '초기화 중': 'float'에서 'LONG'(으)로 변환하면서 데이터가 손실될 수 있습니다.
C:\Users\lemon\Documents\SunHaven\SunHaven\SunHaven\FrameWork\GImage\GImage.h(130,18): warning C4838: 'float'에서 'LONG'(으)로의 변환에는 축소 변환이 필요합니다.
C:\Users\lemon\Documents\SunHaven\SunHaven\SunHaven\FrameWork\GImage\GImage.h(130,18): warning C4244: '초기화 중': 'float'에서 'LONG'(으)로 변환하면서 데이터가 손실될 수 있습니다.
C:\Users\lemon\Documents\SunHaven\SunHaven\SunHaven\FrameWork\GImage\GImage.h(131,18): warning C4838: 'float'에서 'LONG'(으)로의 변환에는 축소 변환이 필요합니다.
C:\Users\lemon\Documents\SunHaven\SunHaven\SunHaven\FrameWork\GImage\GImage.h(131,18): warning C4244: '초기화 중': 'float'에서 'LONG'(으)로 변환하면서 데이터가 손실될 수 있습니다.
  GImage.cpp
C:\Users\lemon\Documents\SunHaven\SunHaven\SunHaven\FrameWork\GImage\GImage.h(116,14): warning C4838: 'float'에서 'LONG'(으)로의 변환에는 축소 변환이 필요합니다.
C:\Users\lemon\Documents\SunHaven\SunHaven\SunHaven\FrameWork\GImage\GImage.h(116,14): warning C4244: '초기화 중': 'float'에서 'LONG'(으)로 변환하면서 데이터가 손실될 수 있습니다.
C:\Users\lemon\Documents\SunHaven\SunHaven\SunHaven\FrameWork\GImage\GImage.h(117,14): warning C4838: 'float'에서 'LONG'(으)로의 변환에는 축소 변환이 필요합니다.
C:\Users\lemon\Documents\SunHaven\SunHaven\SunHaven\FrameWork\GImage\GImage.h(117,14): warning C4244: '초기화 중': 'float'에서 'LONG'(으)로 변환하면서 데이터가 손실될 수 있습니다.
C:\Users\lemon\Documents\SunHaven\SunHaven\SunHaven\FrameWork\GImage\GImage.h(118,18): warning C4838: 'float'에서 'LONG'(으)로의 변환에는 축소 변환이 필요합니다.
C:\Users\lemon\Documents\SunHaven\SunHaven\SunHaven\FrameWork\GImage\GImage.h(118,18): warning C4244: '초기화 중': 'float'에서 'LONG'(으)로 변환하면서 데이터가 손실될 수 있습니다.
C:\Users\lemon\Documents\SunHaven\SunHaven\SunHaven\FrameWork\GImage\GImage.h(119,18): warning C4838: 'float'에서 'LONG'(으)로의 변환에는 축소 변환이 필요합니다.
C:\Users\lemon\Documents\SunHaven\SunHaven\SunHaven\FrameWork\GImage\GImage.h(119,18): warning C4244: '초기화 중': 'float'에서 'LONG'(으)로 변환하면서 데이터가 손실될 수 있습니다.
C:\Users\lemon\Documents\SunHaven\SunHaven\SunHaven\FrameWork\GImage\GImage.h(128,14): warning C4838: 'float'에서 'LONG'(으)로의 변환에는 축소 변환이 필요합니다.
C:\Users\lemon\Documents\SunHaven\SunHaven\SunHaven\FrameWork\GImage\GImage.h(128,14): warning C4244: '초기화 중': 'float'에서 'LONG'(으)로 변환하면서 데이터가 손실될 수 있습니다.
C:\Users\lemon\Documents\SunHaven\SunHaven\SunHaven\FrameWork\GImage\GImage.h(129,14): warning C4838: 'float'에서 'LONG'(으)로의 변환에는 축소 변환이 필요합니다.
C:\Users\lemon\Documents\SunHaven\SunHaven\SunHaven\FrameWork\GImage\GImage.h(129,14): warning C4244: '초기화 중': 'float'에서 'LONG'(으)로 변환하면서 데이터가 손실될 수 있습니다.
C:\Users\lemon\Documents\SunHaven\SunHaven\SunHaven\FrameWork\GImage\GImage.h(130,18): warning C4838: 'float'에서 'LONG'(으)로의 변환에는 축소 변환이 필요합니다.
C:\Users\lemon\Documents\SunHaven\SunHaven\SunHaven\FrameWork\GImage\GImage.h(130,18): warning C4244: '초기화 중': 'float'에서 'LONG'(으)로 변환하면서 데이터가 손실될 수 있습니다.
C:\Users\lemon\Documents\SunHaven\SunHaven\SunHaven\FrameWork\GImage\GImage.h(131,18): warning C4838: 'float'에서 'LONG'(으)로의 변환에는 축소 변환이 필요합니다.
C:\Users\lemon\Documents\SunHaven\SunHaven\SunHaven\FrameWork\GImage\GImage.h(131,18): warning C4244: '초기화 중': 'float'에서 'LONG'(으)로 변환하면서 데이터가 손실될 수 있습니다.
C:\Users\lemon\Documents\SunHaven\SunHaven\SunHaven\FrameWork\GImage\GImage.cpp(85,106): error C2664: 'HANDLE LoadImageW(HINSTANCE,LPCWSTR,UINT,int,int,UINT)': 인수 2을(를) 'const char *'에서 'LPCWSTR'(으)로 변환할 수 없습니다.
C:\Users\lemon\Documents\SunHaven\SunHaven\SunHaven\FrameWork\GImage\GImage.cpp(85,52): message : 가리킨 형식이 관련이 없습니다. 변환하려면 reinterpret_cast, C 스타일 캐스트 또는 함수 스타일 캐스트가 필요합니다.
C:\Program Files (x86)\Windows Kits\10\Include\10.0.19041.0\um\winuser.h(10824,1): message : 'LoadImageW' 선언을 참조하십시오.
C:\Users\lemon\Documents\SunHaven\SunHaven\SunHaven\FrameWork\GImage\GImage.cpp(90,28): warning C4267: '초기화 중': 'size_t'에서 'int'(으)로 변환하면서 데이터가 손실될 수 있습니다.
C:\Users\lemon\Documents\SunHaven\SunHaven\SunHaven\FrameWork\GImage\GImage.cpp(119,106): error C2664: 'HANDLE LoadImageW(HINSTANCE,LPCWSTR,UINT,int,int,UINT)': 인수 2을(를) 'const char *'에서 'LPCWSTR'(으)로 변환할 수 없습니다.
C:\Users\lemon\Documents\SunHaven\SunHaven\SunHaven\FrameWork\GImage\GImage.cpp(119,52): message : 가리킨 형식이 관련이 없습니다. 변환하려면 reinterpret_cast, C 스타일 캐스트 또는 함수 스타일 캐스트가 필요합니다.
C:\Program Files (x86)\Windows Kits\10\Include\10.0.19041.0\um\winuser.h(10824,1): message : 'LoadImageW' 선언을 참조하십시오.
C:\Users\lemon\Documents\SunHaven\SunHaven\SunHaven\FrameWork\GImage\GImage.cpp(126,28): warning C4267: '초기화 중': 'size_t'에서 'int'(으)로 변환하면서 데이터가 손실될 수 있습니다.
C:\Users\lemon\Documents\SunHaven\SunHaven\SunHaven\FrameWork\GImage\GImage.cpp(155,106): error C2664: 'HANDLE LoadImageW(HINSTANCE,LPCWSTR,UINT,int,int,UINT)': 인수 2을(를) 'const char *'에서 'LPCWSTR'(으)로 변환할 수 없습니다.
C:\Users\lemon\Documents\SunHaven\SunHaven\SunHaven\FrameWork\GImage\GImage.cpp(155,52): message : 가리킨 형식이 관련이 없습니다. 변환하려면 reinterpret_cast, C 스타일 캐스트 또는 함수 스타일 캐스트가 필요합니다.
C:\Program Files (x86)\Windows Kits\10\Include\10.0.19041.0\um\winuser.h(10824,1): message : 'LoadImageW' 선언을 참조하십시오.
C:\Users\lemon\Documents\SunHaven\SunHaven\SunHaven\FrameWork\GImage\GImage.cpp(166,28): warning C4267: '초기화 중': 'size_t'에서 'int'(으)로 변환하면서 데이터가 손실될 수 있습니다.
C:\Users\lemon\Documents\SunHaven\SunHaven\SunHaven\FrameWork\GImage\GImage.cpp(195,106): error C2664: 'HANDLE LoadImageW(HINSTANCE,LPCWSTR,UINT,int,int,UINT)': 인수 2을(를) 'const char *'에서 'LPCWSTR'(으)로 변환할 수 없습니다.
C:\Users\lemon\Documents\SunHaven\SunHaven\SunHaven\FrameWork\GImage\GImage.cpp(195,52): message : 가리킨 형식이 관련이 없습니다. 변환하려면 reinterpret_cast, C 스타일 캐스트 또는 함수 스타일 캐스트가 필요합니다.
C:\Program Files (x86)\Windows Kits\10\Include\10.0.19041.0\um\winuser.h(10824,1): message : 'LoadImageW' 선언을 참조하십시오.
C:\Users\lemon\Documents\SunHaven\SunHaven\SunHaven\FrameWork\GImage\GImage.cpp(208,28): warning C4267: '초기화 중': 'size_t'에서 'int'(으)로 변환하면서 데이터가 손실될 수 있습니다.
  GPImage.cpp
C:\Users\lemon\Documents\SunHaven\SunHaven\SunHaven\FrameWork\GImage\GImage.h(116,14): warning C4838: 'float'에서 'LONG'(으)로의 변환에는 축소 변환이 필요합니다.
C:\Users\lemon\Documents\SunHaven\SunHaven\SunHaven\FrameWork\GImage\GImage.h(116,14): warning C4244: '초기화 중': 'float'에서 'LONG'(으)로 변환하면서 데이터가 손실될 수 있습니다.
C:\Users\lemon\Documents\SunHaven\SunHaven\SunHaven\FrameWork\GImage\GImage.h(117,14): warning C4838: 'float'에서 'LONG'(으)로의 변환에는 축소 변환이 필요합니다.
C:\Users\lemon\Documents\SunHaven\SunHaven\SunHaven\FrameWork\GImage\GImage.h(117,14): warning C4244: '초기화 중': 'float'에서 'LONG'(으)로 변환하면서 데이터가 손실될 수 있습니다.
C:\Users\lemon\Documents\SunHaven\SunHaven\SunHaven\FrameWork\GImage\GImage.h(118,18): warning C4838: 'float'에서 'LONG'(으)로의 변환에는 축소 변환이 필요합니다.
C:\Users\lemon\Documents\SunHaven\SunHaven\SunHaven\FrameWork\GImage\GImage.h(118,18): warning C4244: '초기화 중': 'float'에서 'LONG'(으)로 변환하면서 데이터가 손실될 수 있습니다.
C:\Users\lemon\Documents\SunHaven\SunHaven\SunHaven\FrameWork\GImage\GImage.h(119,18): warning C4838: 'float'에서 'LONG'(으)로의 변환에는 축소 변환이 필요합니다.
C:\Users\lemon\Documents\SunHaven\SunHaven\SunHaven\FrameWork\GImage\GImage.h(119,18): warning C4244: '초기화 중': 'float'에서 'LONG'(으)로 변환하면서 데이터가 손실될 수 있습니다.
C:\Users\lemon\Documents\SunHaven\SunHaven\SunHaven\FrameWork\GImage\GImage.h(128,14): warning C4838: 'float'에서 'LONG'(으)로의 변환에는 축소 변환이 필요합니다.
C:\Users\lemon\Documents\SunHaven\SunHaven\SunHaven\FrameWork\GImage\GImage.h(128,14): warning C4244: '초기화 중': 'float'에서 'LONG'(으)로 변환하면서 데이터가 손실될 수 있습니다.
C:\Users\lemon\Documents\SunHaven\SunHaven\SunHaven\FrameWork\GImage\GImage.h(129,14): warning C4838: 'float'에서 'LONG'(으)로의 변환에는 축소 변환이 필요합니다.
C:\Users\lemon\Documents\SunHaven\SunHaven\SunHaven\FrameWork\GImage\GImage.h(129,14): warning C4244: '초기화 중': 'float'에서 'LONG'(으)로 변환하면서 데이터가 손실될 수 있습니다.
C:\Users\lemon\Documents\SunHaven\SunHaven\SunHaven\FrameWork\GImage\GImage.h(130,18): warning C4838: 'float'에서 'LONG'(으)로의 변환에는 축소 변환이 필요합니다.
C:\Users\lemon\Documents\SunHaven\SunHaven\SunHaven\FrameWork\GImage\GImage.h(130,18): warning C4244: '초기화 중': 'float'에서 'LONG'(으)로 변환하면서 데이터가 손실될 수 있습니다.
C:\Users\lemon\Documents\SunHaven\SunHaven\SunHaven\FrameWork\GImage\GImage.h(131,18): warning C4838: 'float'에서 'LONG'(으)로의 변환에는 축소 변환이 필요합니다.
C:\Users\lemon\Documents\SunHaven\SunHaven\SunHaven\FrameWork\GImage\GImage.h(131,18): warning C4244: '초기화 중': 'float'에서 'LONG'(으)로 변환하면서 데이터가 손실될 수 있습니다.
C:\Users\lemon\Documents\SunHaven\SunHaven\SunHaven\FrameWork\GPImage\GPImage.cpp(29,16): warning C4244: '=': 'int'에서 'float'(으)로 변환하면서 데이터가 손실될 수 있습니다.
C:\Users\lemon\Documents\SunHaven\SunHaven\SunHaven\FrameWork\GPImage\GPImage.cpp(30,16): warning C4244: '=': 'int'에서 'float'(으)로 변환하면서 데이터가 손실될 수 있습니다.
C:\Users\lemon\Documents\SunHaven\SunHaven\SunHaven\FrameWork\GPImage\GPImage.cpp(131,26): warning C4244: '인수': 'float'에서 'INT'(으)로 변환하면서 데이터가 손실될 수 있습니다.
C:\Users\lemon\Documents\SunHaven\SunHaven\SunHaven\FrameWork\GPImage\GPImage.cpp(130,25): warning C4244: '인수': 'float'에서 'INT'(으)로 변환하면서 데이터가 손실될 수 있습니다.
  MainGame.cpp
C:\Users\lemon\Documents\SunHaven\SunHaven\SunHaven\FrameWork\GImage\GImage.h(116,14): warning C4838: 'float'에서 'LONG'(으)로의 변환에는 축소 변환이 필요합니다.
C:\Users\lemon\Documents\SunHaven\SunHaven\SunHaven\FrameWork\GImage\GImage.h(116,14): warning C4244: '초기화 중': 'float'에서 'LONG'(으)로 변환하면서 데이터가 손실될 수 있습니다.
C:\Users\lemon\Documents\SunHaven\SunHaven\SunHaven\FrameWork\GImage\GImage.h(117,14): warning C4838: 'float'에서 'LONG'(으)로의 변환에는 축소 변환이 필요합니다.
C:\Users\lemon\Documents\SunHaven\SunHaven\SunHaven\FrameWork\GImage\GImage.h(117,14): warning C4244: '초기화 중': 'float'에서 'LONG'(으)로 변환하면서 데이터가 손실될 수 있습니다.
C:\Users\lemon\Documents\SunHaven\SunHaven\SunHaven\FrameWork\GImage\GImage.h(118,18): warning C4838: 'float'에서 'LONG'(으)로의 변환에는 축소 변환이 필요합니다.
C:\Users\lemon\Documents\SunHaven\SunHaven\SunHaven\FrameWork\GImage\GImage.h(118,18): warning C4244: '초기화 중': 'float'에서 'LONG'(으)로 변환하면서 데이터가 손실될 수 있습니다.
C:\Users\lemon\Documents\SunHaven\SunHaven\SunHaven\FrameWork\GImage\GImage.h(119,18): warning C4838: 'float'에서 'LONG'(으)로의 변환에는 축소 변환이 필요합니다.
C:\Users\lemon\Documents\SunHaven\SunHaven\SunHaven\FrameWork\GImage\GImage.h(119,18): warning C4244: '초기화 중': 'float'에서 'LONG'(으)로 변환하면서 데이터가 손실될 수 있습니다.
C:\Users\lemon\Documents\SunHaven\SunHaven\SunHaven\FrameWork\GImage\GImage.h(128,14): warning C4838: 'float'에서 'LONG'(으)로의 변환에는 축소 변환이 필요합니다.
C:\Users\lemon\Documents\SunHaven\SunHaven\SunHaven\FrameWork\GImage\GImage.h(128,14): warning C4244: '초기화 중': 'float'에서 'LONG'(으)로 변환하면서 데이터가 손실될 수 있습니다.
C:\Users\lemon\Documents\SunHaven\SunHaven\SunHaven\FrameWork\GImage\GImage.h(129,14): warning C4838: 'float'에서 'LONG'(으)로의 변환에는 축소 변환이 필요합니다.
C:\Users\lemon\Documents\SunHaven\SunHaven\SunHaven\FrameWork\GImage\GImage.h(129,14): warning C4244: '초기화 중': 'float'에서 'LONG'(으)로 변환하면서 데이터가 손실될 수 있습니다.
C:\Users\lemon\Documents\SunHaven\SunHaven\SunHaven\FrameWork\GImage\GImage.h(130,18): warning C4838: 'float'에서 'LONG'(으)로의 변환에는 축소 변환이 필요합니다.
C:\Users\lemon\Documents\SunHaven\SunHaven\SunHaven\FrameWork\GImage\GImage.h(130,18): warning C4244: '초기화 중': 'float'에서 'LONG'(으)로 변환하면서 데이터가 손실될 수 있습니다.
C:\Users\lemon\Documents\SunHaven\SunHaven\SunHaven\FrameWork\GImage\GImage.h(131,18): warning C4838: 'float'에서 'LONG'(으)로의 변환에는 축소 변환이 필요합니다.
C:\Users\lemon\Documents\SunHaven\SunHaven\SunHaven\FrameWork\GImage\GImage.h(131,18): warning C4244: '초기화 중': 'float'에서 'LONG'(으)로 변환하면서 데이터가 손실될 수 있습니다.
  MapToolScene.cpp
C:\Users\lemon\Documents\SunHaven\SunHaven\SunHaven\FrameWork\GImage\GImage.h(116,14): warning C4838: 'float'에서 'LONG'(으)로의 변환에는 축소 변환이 필요합니다.
C:\Users\lemon\Documents\SunHaven\SunHaven\SunHaven\FrameWork\GImage\GImage.h(116,14): warning C4244: '초기화 중': 'float'에서 'LONG'(으)로 변환하면서 데이터가 손실될 수 있습니다.
C:\Users\lemon\Documents\SunHaven\SunHaven\SunHaven\FrameWork\GImage\GImage.h(117,14): warning C4838: 'float'에서 'LONG'(으)로의 변환에는 축소 변환이 필요합니다.
C:\Users\lemon\Documents\SunHaven\SunHaven\SunHaven\FrameWork\GImage\GImage.h(117,14): warning C4244: '초기화 중': 'float'에서 'LONG'(으)로 변환하면서 데이터가 손실될 수 있습니다.
C:\Users\lemon\Documents\SunHaven\SunHaven\SunHaven\FrameWork\GImage\GImage.h(118,18): warning C4838: 'float'에서 'LONG'(으)로의 변환에는 축소 변환이 필요합니다.
C:\Users\lemon\Documents\SunHaven\SunHaven\SunHaven\FrameWork\GImage\GImage.h(118,18): warning C4244: '초기화 중': 'float'에서 'LONG'(으)로 변환하면서 데이터가 손실될 수 있습니다.
C:\Users\lemon\Documents\SunHaven\SunHaven\SunHaven\FrameWork\GImage\GImage.h(119,18): warning C4838: 'float'에서 'LONG'(으)로의 변환에는 축소 변환이 필요합니다.
C:\Users\lemon\Documents\SunHaven\SunHaven\SunHaven\FrameWork\GImage\GImage.h(119,18): warning C4244: '초기화 중': 'float'에서 'LONG'(으)로 변환하면서 데이터가 손실될 수 있습니다.
C:\Users\lemon\Documents\SunHaven\SunHaven\SunHaven\FrameWork\GImage\GImage.h(128,14): warning C4838: 'float'에서 'LONG'(으)로의 변환에는 축소 변환이 필요합니다.
C:\Users\lemon\Documents\SunHaven\SunHaven\SunHaven\FrameWork\GImage\GImage.h(128,14): warning C4244: '초기화 중': 'float'에서 'LONG'(으)로 변환하면서 데이터가 손실될 수 있습니다.
C:\Users\lemon\Documents\SunHaven\SunHaven\SunHaven\FrameWork\GImage\GImage.h(129,14): warning C4838: 'float'에서 'LONG'(으)로의 변환에는 축소 변환이 필요합니다.
C:\Users\lemon\Documents\SunHaven\SunHaven\SunHaven\FrameWork\GImage\GImage.h(129,14): warning C4244: '초기화 중': 'float'에서 'LONG'(으)로 변환하면서 데이터가 손실될 수 있습니다.
C:\Users\lemon\Documents\SunHaven\SunHaven\SunHaven\FrameWork\GImage\GImage.h(130,18): warning C4838: 'float'에서 'LONG'(으)로의 변환에는 축소 변환이 필요합니다.
C:\Users\lemon\Documents\SunHaven\SunHaven\SunHaven\FrameWork\GImage\GImage.h(130,18): warning C4244: '초기화 중': 'float'에서 'LONG'(으)로 변환하면서 데이터가 손실될 수 있습니다.
C:\Users\lemon\Documents\SunHaven\SunHaven\SunHaven\FrameWork\GImage\GImage.h(131,18): warning C4838: 'float'에서 'LONG'(으)로의 변환에는 축소 변환이 필요합니다.
C:\Users\lemon\Documents\SunHaven\SunHaven\SunHaven\FrameWork\GImage\GImage.h(131,18): warning C4244: '초기화 중': 'float'에서 'LONG'(으)로 변환하면서 데이터가 손실될 수 있습니다.
C:\Users\lemon\Documents\SunHaven\SunHaven\SunHaven\Class\UI.h(28,112): error C2440: '기본 인수': 'const char [1]'에서 'char *'(으)로 변환할 수 없습니다.
C:\Users\lemon\Documents\SunHaven\SunHaven\SunHaven\Class\UI.h(28,112): message : 문자열 리터럴로부터의 변환은 const 한정자가 손실됩니다(/Zc:strictStrings 참조).
C:\Users\lemon\Documents\SunHaven\SunHaven\SunHaven\Scene\MapToolScene.cpp(38,61): error C2664: 'int wsprintfW(LPWSTR,LPCWSTR,...)': 인수 1을(를) 'char [64]'에서 'LPWSTR'(으)로 변환할 수 없습니다.
C:\Users\lemon\Documents\SunHaven\SunHaven\SunHaven\Scene\MapToolScene.cpp(38,14): message : 가리킨 형식이 관련이 없습니다. 변환하려면 reinterpret_cast, C 스타일 캐스트 또는 함수 스타일 캐스트가 필요합니다.
C:\Program Files (x86)\Windows Kits\10\Include\10.0.19041.0\um\winuser.h(333,1): message : 'wsprintfW' 선언을 참조하십시오.
C:\Users\lemon\Documents\SunHaven\SunHaven\SunHaven\Scene\MapToolScene.cpp(58,95): error C2664: 'HRESULT NormalButton::init(float,float,int,int,char *,std::function<void (int)>,char *,COLORREF,int,int)': 인수 5을(를) 'const char [12]'에서 'char *'(으)로 변환할 수 없습니다.
C:\Users\lemon\Documents\SunHaven\SunHaven\SunHaven\Scene\MapToolScene.cpp(58,44): message : 문자열 리터럴로부터의 변환은 const 한정자가 손실됩니다(/Zc:strictStrings 참조).
C:\Users\lemon\Documents\SunHaven\SunHaven\SunHaven\Class\UI.h(28,10): message : 'NormalButton::init' 선언을 참조하십시오.
C:\Users\lemon\Documents\SunHaven\SunHaven\SunHaven\Scene\MapToolScene.cpp(61,93): error C2664: 'HRESULT NormalButton::init(float,float,int,int,char *,std::function<void (int)>,char *,COLORREF,int,int)': 인수 5을(를) 'const char [11]'에서 'char *'(으)로 변환할 수 없습니다.
C:\Users\lemon\Documents\SunHaven\SunHaven\SunHaven\Scene\MapToolScene.cpp(61,43): message : 문자열 리터럴로부터의 변환은 const 한정자가 손실됩니다(/Zc:strictStrings 참조).
C:\Users\lemon\Documents\SunHaven\SunHaven\SunHaven\Class\UI.h(28,10): message : 'NormalButton::init' 선언을 참조하십시오.
C:\Users\lemon\Documents\SunHaven\SunHaven\SunHaven\Scene\MapToolScene.cpp(66,128): error C2664: 'HRESULT NormalButton::init(float,float,int,int,char *,std::function<void (int)>,char *,COLORREF,int,int)': 인수 5을(를) 'const char [8]'에서 'char *'(으)로 변환할 수 없습니다.
C:\Users\lemon\Documents\SunHaven\SunHaven\SunHaven\Scene\MapToolScene.cpp(66,45): message : 문자열 리터럴로부터의 변환은 const 한정자가 손실됩니다(/Zc:strictStrings 참조).
C:\Users\lemon\Documents\SunHaven\SunHaven\SunHaven\Class\UI.h(28,10): message : 'NormalButton::init' 선언을 참조하십시오.
C:\Users\lemon\Documents\SunHaven\SunHaven\SunHaven\Scene\MapToolScene.cpp(69,131): error C2664: 'HRESULT NormalButton::init(float,float,int,int,char *,std::function<void (int)>,char *,COLORREF,int,int)': 인수 5을(를) 'const char [8]'에서 'char *'(으)로 변환할 수 없습니다.
C:\Users\lemon\Documents\SunHaven\SunHaven\SunHaven\Scene\MapToolScene.cpp(69,46): message : 문자열 리터럴로부터의 변환은 const 한정자가 손실됩니다(/Zc:strictStrings 참조).
C:\Users\lemon\Documents\SunHaven\SunHaven\SunHaven\Class\UI.h(28,10): message : 'NormalButton::init' 선언을 참조하십시오.
C:\Users\lemon\Documents\SunHaven\SunHaven\SunHaven\Scene\MapToolScene.cpp(72,127): error C2664: 'HRESULT NormalButton::init(float,float,int,int,char *,std::function<void (int)>,char *,COLORREF,int,int)': 인수 5을(를) 'const char [8]'에서 'char *'(으)로 변환할 수 없습니다.
C:\Users\lemon\Documents\SunHaven\SunHaven\SunHaven\Scene\MapToolScene.cpp(72,46): message : 문자열 리터럴로부터의 변환은 const 한정자가 손실됩니다(/Zc:strictStrings 참조).
C:\Users\lemon\Documents\SunHaven\SunHaven\SunHaven\Class\UI.h(28,10): message : 'NormalButton::init' 선언을 참조하십시오.
C:\Users\lemon\Documents\SunHaven\SunHaven\SunHaven\Scene\MapToolScene.cpp(80,79): error C2440: '초기화 중': 'const char [7]'에서 'char *'(으)로 변환할 수 없습니다.
C:\Users\lemon\Documents\SunHaven\SunHaven\SunHaven\Scene\MapToolScene.cpp(80,18): message : 문자열 리터럴로부터의 변환은 const 한정자가 손실됩니다(/Zc:strictStrings 참조).
C:\Users\lemon\Documents\SunHaven\SunHaven\SunHaven\Scene\MapToolScene.cpp(80,79): error C2440: '초기화 중': 'const char [9]'에서 'char *'(으)로 변환할 수 없습니다.
C:\Users\lemon\Documents\SunHaven\SunHaven\SunHaven\Scene\MapToolScene.cpp(80,68): message : 문자열 리터럴로부터의 변환은 const 한정자가 손실됩니다(/Zc:strictStrings 참조).
C:\Users\lemon\Documents\SunHaven\SunHaven\SunHaven\Scene\MapToolScene.cpp(86,90): error C2664: 'HRESULT RadioButton::init(int,float [],float [],int [],int [],char *,std::function<void (int)> [],char *[],COLORREF,int,int)': 인수 6을(를) 'const char [8]'에서 'char *'(으)로 변환할 수 없습니다.
C:\Users\lemon\Documents\SunHaven\SunHaven\SunHaven\Scene\MapToolScene.cpp(86,44): message : 문자열 리터럴로부터의 변환은 const 한정자가 손실됩니다(/Zc:strictStrings 참조).
C:\Users\lemon\Documents\SunHaven\SunHaven\SunHaven\Class\UI.h(71,10): message : 'RadioButton::init' 선언을 참조하십시오.
C:\Users\lemon\Documents\SunHaven\SunHaven\SunHaven\Scene\MapToolScene.cpp(101,137): error C2664: 'HRESULT ToggleButton::init(float,float,int,int,char *,std::function<void (int)>,bool)': 인수 5을(를) 'const char [16]'에서 'char *'(으)로 변환할 수 없습니다.
C:\Users\lemon\Documents\SunHaven\SunHaven\SunHaven\Scene\MapToolScene.cpp(101,58): message : 문자열 리터럴로부터의 변환은 const 한정자가 손실됩니다(/Zc:strictStrings 참조).
C:\Users\lemon\Documents\SunHaven\SunHaven\SunHaven\Class\UI.h(47,10): message : 'ToggleButton::init' 선언을 참조하십시오.
C:\Users\lemon\Documents\SunHaven\SunHaven\SunHaven\Scene\MapToolScene.cpp(363,42): error C2664: 'int wsprintfW(LPWSTR,LPCWSTR,...)': 인수 1을(를) 'char [64]'에서 'LPWSTR'(으)로 변환할 수 없습니다.
C:\Users\lemon\Documents\SunHaven\SunHaven\SunHaven\Scene\MapToolScene.cpp(363,11): message : 가리킨 형식이 관련이 없습니다. 변환하려면 reinterpret_cast, C 스타일 캐스트 또는 함수 스타일 캐스트가 필요합니다.
C:\Program Files (x86)\Windows Kits\10\Include\10.0.19041.0\um\winuser.h(333,1): message : 'wsprintfW' 선언을 참조하십시오.
C:\Users\lemon\Documents\SunHaven\SunHaven\SunHaven\Scene\MapToolScene.cpp(586,109): error C2664: 'HANDLE CreateFileW(LPCWSTR,DWORD,DWORD,LPSECURITY_ATTRIBUTES,DWORD,DWORD,HANDLE)': 인수 1을(를) 'const char [12]'에서 'LPCWSTR'(으)로 변환할 수 없습니다.
C:\Users\lemon\Documents\SunHaven\SunHaven\SunHaven\Scene\MapToolScene.cpp(586,28): message : 가리킨 형식이 관련이 없습니다. 변환하려면 reinterpret_cast, C 스타일 캐스트 또는 함수 스타일 캐스트가 필요합니다.
C:\Program Files (x86)\Windows Kits\10\Include\10.0.19041.0\um\fileapi.h(94,1): message : 'CreateFileW' 선언을 참조하십시오.
C:\Users\lemon\Documents\SunHaven\SunHaven\SunHaven\Scene\MapToolScene.cpp(620,111): error C2664: 'HANDLE CreateFileW(LPCWSTR,DWORD,DWORD,LPSECURITY_ATTRIBUTES,DWORD,DWORD,HANDLE)': 인수 1을(를) 'const char [21]'에서 'LPCWSTR'(으)로 변환할 수 없습니다.
C:\Users\lemon\Documents\SunHaven\SunHaven\SunHaven\Scene\MapToolScene.cpp(620,21): message : 가리킨 형식이 관련이 없습니다. 변환하려면 reinterpret_cast, C 스타일 캐스트 또는 함수 스타일 캐스트가 필요합니다.
C:\Program Files (x86)\Windows Kits\10\Include\10.0.19041.0\um\fileapi.h(94,1): message : 'CreateFileW' 선언을 참조하십시오.
  Resources.cpp
C:\Users\lemon\Documents\SunHaven\SunHaven\SunHaven\FrameWork\GImage\GImage.h(116,14): warning C4838: 'float'에서 'LONG'(으)로의 변환에는 축소 변환이 필요합니다.
C:\Users\lemon\Documents\SunHaven\SunHaven\SunHaven\FrameWork\GImage\GImage.h(116,14): warning C4244: '초기화 중': 'float'에서 'LONG'(으)로 변환하면서 데이터가 손실될 수 있습니다.
C:\Users\lemon\Documents\SunHaven\SunHaven\SunHaven\FrameWork\GImage\GImage.h(117,14): warning C4838: 'float'에서 'LONG'(으)로의 변환에는 축소 변환이 필요합니다.
C:\Users\lemon\Documents\SunHaven\SunHaven\SunHaven\FrameWork\GImage\GImage.h(117,14): warning C4244: '초기화 중': 'float'에서 'LONG'(으)로 변환하면서 데이터가 손실될 수 있습니다.
C:\Users\lemon\Documents\SunHaven\SunHaven\SunHaven\FrameWork\GImage\GImage.h(118,18): warning C4838: 'float'에서 'LONG'(으)로의 변환에는 축소 변환이 필요합니다.
C:\Users\lemon\Documents\SunHaven\SunHaven\SunHaven\FrameWork\GImage\GImage.h(118,18): warning C4244: '초기화 중': 'float'에서 'LONG'(으)로 변환하면서 데이터가 손실될 수 있습니다.
C:\Users\lemon\Documents\SunHaven\SunHaven\SunHaven\FrameWork\GImage\GImage.h(119,18): warning C4838: 'float'에서 'LONG'(으)로의 변환에는 축소 변환이 필요합니다.
C:\Users\lemon\Documents\SunHaven\SunHaven\SunHaven\FrameWork\GImage\GImage.h(119,18): warning C4244: '초기화 중': 'float'에서 'LONG'(으)로 변환하면서 데이터가 손실될 수 있습니다.
C:\Users\lemon\Documents\SunHaven\SunHaven\SunHaven\FrameWork\GImage\GImage.h(128,14): warning C4838: 'float'에서 'LONG'(으)로의 변환에는 축소 변환이 필요합니다.
C:\Users\lemon\Documents\SunHaven\SunHaven\SunHaven\FrameWork\GImage\GImage.h(128,14): warning C4244: '초기화 중': 'float'에서 'LONG'(으)로 변환하면서 데이터가 손실될 수 있습니다.
C:\Users\lemon\Documents\SunHaven\SunHaven\SunHaven\FrameWork\GImage\GImage.h(129,14): warning C4838: 'float'에서 'LONG'(으)로의 변환에는 축소 변환이 필요합니다.
C:\Users\lemon\Documents\SunHaven\SunHaven\SunHaven\FrameWork\GImage\GImage.h(129,14): warning C4244: '초기화 중': 'float'에서 'LONG'(으)로 변환하면서 데이터가 손실될 수 있습니다.
C:\Users\lemon\Documents\SunHaven\SunHaven\SunHaven\FrameWork\GImage\GImage.h(130,18): warning C4838: 'float'에서 'LONG'(으)로의 변환에는 축소 변환이 필요합니다.
C:\Users\lemon\Documents\SunHaven\SunHaven\SunHaven\FrameWork\GImage\GImage.h(130,18): warning C4244: '초기화 중': 'float'에서 'LONG'(으)로 변환하면서 데이터가 손실될 수 있습니다.
C:\Users\lemon\Documents\SunHaven\SunHaven\SunHaven\FrameWork\GImage\GImage.h(131,18): warning C4838: 'float'에서 'LONG'(으)로의 변환에는 축소 변환이 필요합니다.
C:\Users\lemon\Documents\SunHaven\SunHaven\SunHaven\FrameWork\GImage\GImage.h(131,18): warning C4244: '초기화 중': 'float'에서 'LONG'(으)로 변환하면서 데이터가 손실될 수 있습니다.
C:\Users\lemon\Documents\SunHaven\SunHaven\SunHaven\Resources.cpp(8,14): error C2664: 'GPImage *ImageManager::addGPFrameImage(std::string,char *,int,int,int,int,bool,COLORREF,COLORREF,Gdiplus::RotateFlipType)': 인수 2을(를) 'const char [38]'에서 'char *'(으)로 변환할 수 없습니다.
C:\Users\lemon\Documents\SunHaven\SunHaven\SunHaven\Resources.cpp(8,45): message : 문자열 리터럴로부터의 변환은 const 한정자가 손실됩니다(/Zc:strictStrings 참조).
C:\Users\lemon\Documents\SunHaven\SunHaven\SunHaven\Manager\ImageManager.h(27,11): message : 'ImageManager::addGPFrameImage' 선언을 참조하십시오.
C:\Users\lemon\Documents\SunHaven\SunHaven\SunHaven\Resources.cpp(17,14): error C2664: 'GPImage *ImageManager::addGPFrameImage(std::string,char *,int,int,int,int,bool,COLORREF,COLORREF,Gdiplus::RotateFlipType)': 인수 2을(를) 'const char [36]'에서 'char *'(으)로 변환할 수 없습니다.
C:\Users\lemon\Documents\SunHaven\SunHaven\SunHaven\Resources.cpp(17,47): message : 문자열 리터럴로부터의 변환은 const 한정자가 손실됩니다(/Zc:strictStrings 참조).
C:\Users\lemon\Documents\SunHaven\SunHaven\SunHaven\Manager\ImageManager.h(27,11): message : 'ImageManager::addGPFrameImage' 선언을 참조하십시오.
C:\Users\lemon\Documents\SunHaven\SunHaven\SunHaven\Resources.cpp(34,35): error C2664: 'int wsprintfW(LPWSTR,LPCWSTR,...)': 인수 1을(를) 'char [64]'에서 'LPWSTR'(으)로 변환할 수 없습니다.
C:\Users\lemon\Documents\SunHaven\SunHaven\SunHaven\Resources.cpp(34,13): message : 가리킨 형식이 관련이 없습니다. 변환하려면 reinterpret_cast, C 스타일 캐스트 또는 함수 스타일 캐스트가 필요합니다.
C:\Program Files (x86)\Windows Kits\10\Include\10.0.19041.0\um\winuser.h(333,1): message : 'wsprintfW' 선언을 참조하십시오.
C:\Users\lemon\Documents\SunHaven\SunHaven\SunHaven\Resources.cpp(35,66): error C2664: 'int wsprintfW(LPWSTR,LPCWSTR,...)': 인수 1을(를) 'char [64]'에서 'LPWSTR'(으)로 변환할 수 없습니다.
C:\Users\lemon\Documents\SunHaven\SunHaven\SunHaven\Resources.cpp(35,13): message : 가리킨 형식이 관련이 없습니다. 변환하려면 reinterpret_cast, C 스타일 캐스트 또는 함수 스타일 캐스트가 필요합니다.
C:\Program Files (x86)\Windows Kits\10\Include\10.0.19041.0\um\winuser.h(333,1): message : 'wsprintfW' 선언을 참조하십시오.
  SceneManager.cpp
C:\Users\lemon\Documents\SunHaven\SunHaven\SunHaven\FrameWork\GImage\GImage.h(116,14): warning C4838: 'float'에서 'LONG'(으)로의 변환에는 축소 변환이 필요합니다.
C:\Users\lemon\Documents\SunHaven\SunHaven\SunHaven\FrameWork\GImage\GImage.h(116,14): warning C4244: '초기화 중': 'float'에서 'LONG'(으)로 변환하면서 데이터가 손실될 수 있습니다.
C:\Users\lemon\Documents\SunHaven\SunHaven\SunHaven\FrameWork\GImage\GImage.h(117,14): warning C4838: 'float'에서 'LONG'(으)로의 변환에는 축소 변환이 필요합니다.
C:\Users\lemon\Documents\SunHaven\SunHaven\SunHaven\FrameWork\GImage\GImage.h(117,14): warning C4244: '초기화 중': 'float'에서 'LONG'(으)로 변환하면서 데이터가 손실될 수 있습니다.
C:\Users\lemon\Documents\SunHaven\SunHaven\SunHaven\FrameWork\GImage\GImage.h(118,18): warning C4838: 'float'에서 'LONG'(으)로의 변환에는 축소 변환이 필요합니다.
C:\Users\lemon\Documents\SunHaven\SunHaven\SunHaven\FrameWork\GImage\GImage.h(118,18): warning C4244: '초기화 중': 'float'에서 'LONG'(으)로 변환하면서 데이터가 손실될 수 있습니다.
C:\Users\lemon\Documents\SunHaven\SunHaven\SunHaven\FrameWork\GImage\GImage.h(119,18): warning C4838: 'float'에서 'LONG'(으)로의 변환에는 축소 변환이 필요합니다.
C:\Users\lemon\Documents\SunHaven\SunHaven\SunHaven\FrameWork\GImage\GImage.h(119,18): warning C4244: '초기화 중': 'float'에서 'LONG'(으)로 변환하면서 데이터가 손실될 수 있습니다.
C:\Users\lemon\Documents\SunHaven\SunHaven\SunHaven\FrameWork\GImage\GImage.h(128,14): warning C4838: 'float'에서 'LONG'(으)로의 변환에는 축소 변환이 필요합니다.
C:\Users\lemon\Documents\SunHaven\SunHaven\SunHaven\FrameWork\GImage\GImage.h(128,14): warning C4244: '초기화 중': 'float'에서 'LONG'(으)로 변환하면서 데이터가 손실될 수 있습니다.
C:\Users\lemon\Documents\SunHaven\SunHaven\SunHaven\FrameWork\GImage\GImage.h(129,14): warning C4838: 'float'에서 'LONG'(으)로의 변환에는 축소 변환이 필요합니다.
C:\Users\lemon\Documents\SunHaven\SunHaven\SunHaven\FrameWork\GImage\GImage.h(129,14): warning C4244: '초기화 중': 'float'에서 'LONG'(으)로 변환하면서 데이터가 손실될 수 있습니다.
C:\Users\lemon\Documents\SunHaven\SunHaven\SunHaven\FrameWork\GImage\GImage.h(130,18): warning C4838: 'float'에서 'LONG'(으)로의 변환에는 축소 변환이 필요합니다.
C:\Users\lemon\Documents\SunHaven\SunHaven\SunHaven\FrameWork\GImage\GImage.h(130,18): warning C4244: '초기화 중': 'float'에서 'LONG'(으)로 변환하면서 데이터가 손실될 수 있습니다.
C:\Users\lemon\Documents\SunHaven\SunHaven\SunHaven\FrameWork\GImage\GImage.h(131,18): warning C4838: 'float'에서 'LONG'(으)로의 변환에는 축소 변환이 필요합니다.
C:\Users\lemon\Documents\SunHaven\SunHaven\SunHaven\FrameWork\GImage\GImage.h(131,18): warning C4244: '초기화 중': 'float'에서 'LONG'(으)로 변환하면서 데이터가 손실될 수 있습니다.
  SoundManager.cpp
C:\Users\lemon\Documents\SunHaven\SunHaven\SunHaven\FrameWork\GImage\GImage.h(116,14): warning C4838: 'float'에서 'LONG'(으)로의 변환에는 축소 변환이 필요합니다.
C:\Users\lemon\Documents\SunHaven\SunHaven\SunHaven\FrameWork\GImage\GImage.h(116,14): warning C4244: '초기화 중': 'float'에서 'LONG'(으)로 변환하면서 데이터가 손실될 수 있습니다.
C:\Users\lemon\Documents\SunHaven\SunHaven\SunHaven\FrameWork\GImage\GImage.h(117,14): warning C4838: 'float'에서 'LONG'(으)로의 변환에는 축소 변환이 필요합니다.
C:\Users\lemon\Documents\SunHaven\SunHaven\SunHaven\FrameWork\GImage\GImage.h(117,14): warning C4244: '초기화 중': 'float'에서 'LONG'(으)로 변환하면서 데이터가 손실될 수 있습니다.
C:\Users\lemon\Documents\SunHaven\SunHaven\SunHaven\FrameWork\GImage\GImage.h(118,18): warning C4838: 'float'에서 'LONG'(으)로의 변환에는 축소 변환이 필요합니다.
C:\Users\lemon\Documents\SunHaven\SunHaven\SunHaven\FrameWork\GImage\GImage.h(118,18): warning C4244: '초기화 중': 'float'에서 'LONG'(으)로 변환하면서 데이터가 손실될 수 있습니다.
C:\Users\lemon\Documents\SunHaven\SunHaven\SunHaven\FrameWork\GImage\GImage.h(119,18): warning C4838: 'float'에서 'LONG'(으)로의 변환에는 축소 변환이 필요합니다.
C:\Users\lemon\Documents\SunHaven\SunHaven\SunHaven\FrameWork\GImage\GImage.h(119,18): warning C4244: '초기화 중': 'float'에서 'LONG'(으)로 변환하면서 데이터가 손실될 수 있습니다.
C:\Users\lemon\Documents\SunHaven\SunHaven\SunHaven\FrameWork\GImage\GImage.h(128,14): warning C4838: 'float'에서 'LONG'(으)로의 변환에는 축소 변환이 필요합니다.
C:\Users\lemon\Documents\SunHaven\SunHaven\SunHaven\FrameWork\GImage\GImage.h(128,14): warning C4244: '초기화 중': 'float'에서 'LONG'(으)로 변환하면서 데이터가 손실될 수 있습니다.
C:\Users\lemon\Documents\SunHaven\SunHaven\SunHaven\FrameWork\GImage\GImage.h(129,14): warning C4838: 'float'에서 'LONG'(으)로의 변환에는 축소 변환이 필요합니다.
C:\Users\lemon\Documents\SunHaven\SunHaven\SunHaven\FrameWork\GImage\GImage.h(129,14): warning C4244: '초기화 중': 'float'에서 'LONG'(으)로 변환하면서 데이터가 손실될 수 있습니다.
C:\Users\lemon\Documents\SunHaven\SunHaven\SunHaven\FrameWork\GImage\GImage.h(130,18): warning C4838: 'float'에서 'LONG'(으)로의 변환에는 축소 변환이 필요합니다.
C:\Users\lemon\Documents\SunHaven\SunHaven\SunHaven\FrameWork\GImage\GImage.h(130,18): warning C4244: '초기화 중': 'float'에서 'LONG'(으)로 변환하면서 데이터가 손실될 수 있습니다.
C:\Users\lemon\Documents\SunHaven\SunHaven\SunHaven\FrameWork\GImage\GImage.h(131,18): warning C4838: 'float'에서 'LONG'(으)로의 변환에는 축소 변환이 필요합니다.
C:\Users\lemon\Documents\SunHaven\SunHaven\SunHaven\FrameWork\GImage\GImage.h(131,18): warning C4244: '초기화 중': 'float'에서 'LONG'(으)로 변환하면서 데이터가 손실될 수 있습니다.
C:\Users\lemon\Documents\SunHaven\SunHaven\SunHaven\Manager\SoundManager.cpp(20,37): error C2664: 'MCIERROR mciSendStringW(LPCWSTR,LPWSTR,UINT,HWND)': 인수 1을(를) 'const char *'에서 'LPCWSTR'(으)로 변환할 수 없습니다.
C:\Users\lemon\Documents\SunHaven\SunHaven\SunHaven\Manager\SoundManager.cpp(20,19): message : 가리킨 형식이 관련이 없습니다. 변환하려면 reinterpret_cast, C 스타일 캐스트 또는 함수 스타일 캐스트가 필요합니다.
C:\Program Files (x86)\Windows Kits\10\Include\10.0.19041.0\um\mciapi.h(88,1): message : 'mciSendStringW' 선언을 참조하십시오.
C:\Users\lemon\Documents\SunHaven\SunHaven\SunHaven\Manager\SoundManager.cpp(32,37): error C2664: 'MCIERROR mciSendStringW(LPCWSTR,LPWSTR,UINT,HWND)': 인수 1을(를) 'const char *'에서 'LPCWSTR'(으)로 변환할 수 없습니다.
C:\Users\lemon\Documents\SunHaven\SunHaven\SunHaven\Manager\SoundManager.cpp(32,19): message : 가리킨 형식이 관련이 없습니다. 변환하려면 reinterpret_cast, C 스타일 캐스트 또는 함수 스타일 캐스트가 필요합니다.
C:\Program Files (x86)\Windows Kits\10\Include\10.0.19041.0\um\mciapi.h(88,1): message : 'mciSendStringW' 선언을 참조하십시오.
C:\Users\lemon\Documents\SunHaven\SunHaven\SunHaven\Manager\SoundManager.cpp(49,40): error C2664: 'BOOL PlaySoundW(LPCWSTR,HMODULE,DWORD)': 인수 1을(를) 'char *'에서 'LPCWSTR'(으)로 변환할 수 없습니다.
C:\Users\lemon\Documents\SunHaven\SunHaven\SunHaven\Manager\SoundManager.cpp(49,15): message : 가리킨 형식이 관련이 없습니다. 변환하려면 reinterpret_cast, C 스타일 캐스트 또는 함수 스타일 캐스트가 필요합니다.
C:\Program Files (x86)\Windows Kits\10\Include\10.0.19041.0\um\playsoundapi.h(114,1): message : 'PlaySoundW' 선언을 참조하십시오.
C:\Users\lemon\Documents\SunHaven\SunHaven\SunHaven\Manager\SoundManager.cpp(58,37): error C2664: 'MCIERROR mciSendStringW(LPCWSTR,LPWSTR,UINT,HWND)': 인수 1을(를) 'const char *'에서 'LPCWSTR'(으)로 변환할 수 없습니다.
C:\Users\lemon\Documents\SunHaven\SunHaven\SunHaven\Manager\SoundManager.cpp(58,19): message : 가리킨 형식이 관련이 없습니다. 변환하려면 reinterpret_cast, C 스타일 캐스트 또는 함수 스타일 캐스트가 필요합니다.
C:\Program Files (x86)\Windows Kits\10\Include\10.0.19041.0\um\mciapi.h(88,1): message : 'mciSendStringW' 선언을 참조하십시오.
C:\Users\lemon\Documents\SunHaven\SunHaven\SunHaven\Manager\SoundManager.cpp(68,37): error C2664: 'MCIERROR mciSendStringW(LPCWSTR,LPWSTR,UINT,HWND)': 인수 1을(를) 'const char *'에서 'LPCWSTR'(으)로 변환할 수 없습니다.
C:\Users\lemon\Documents\SunHaven\SunHaven\SunHaven\Manager\SoundManager.cpp(68,19): message : 가리킨 형식이 관련이 없습니다. 변환하려면 reinterpret_cast, C 스타일 캐스트 또는 함수 스타일 캐스트가 필요합니다.
C:\Program Files (x86)\Windows Kits\10\Include\10.0.19041.0\um\mciapi.h(88,1): message : 'mciSendStringW' 선언을 참조하십시오.
  Stdafx.cpp
C:\Users\lemon\Documents\SunHaven\SunHaven\SunHaven\FrameWork\GImage\GImage.h(116,14): warning C4838: 'float'에서 'LONG'(으)로의 변환에는 축소 변환이 필요합니다.
C:\Users\lemon\Documents\SunHaven\SunHaven\SunHaven\FrameWork\GImage\GImage.h(116,14): warning C4244: '초기화 중': 'float'에서 'LONG'(으)로 변환하면서 데이터가 손실될 수 있습니다.
C:\Users\lemon\Documents\SunHaven\SunHaven\SunHaven\FrameWork\GImage\GImage.h(117,14): warning C4838: 'float'에서 'LONG'(으)로의 변환에는 축소 변환이 필요합니다.
C:\Users\lemon\Documents\SunHaven\SunHaven\SunHaven\FrameWork\GImage\GImage.h(117,14): warning C4244: '초기화 중': 'float'에서 'LONG'(으)로 변환하면서 데이터가 손실될 수 있습니다.
C:\Users\lemon\Documents\SunHaven\SunHaven\SunHaven\FrameWork\GImage\GImage.h(118,18): warning C4838: 'float'에서 'LONG'(으)로의 변환에는 축소 변환이 필요합니다.
C:\Users\lemon\Documents\SunHaven\SunHaven\SunHaven\FrameWork\GImage\GImage.h(118,18): warning C4244: '초기화 중': 'float'에서 'LONG'(으)로 변환하면서 데이터가 손실될 수 있습니다.
C:\Users\lemon\Documents\SunHaven\SunHaven\SunHaven\FrameWork\GImage\GImage.h(119,18): warning C4838: 'float'에서 'LONG'(으)로의 변환에는 축소 변환이 필요합니다.
C:\Users\lemon\Documents\SunHaven\SunHaven\SunHaven\FrameWork\GImage\GImage.h(119,18): warning C4244: '초기화 중': 'float'에서 'LONG'(으)로 변환하면서 데이터가 손실될 수 있습니다.
C:\Users\lemon\Documents\SunHaven\SunHaven\SunHaven\FrameWork\GImage\GImage.h(128,14): warning C4838: 'float'에서 'LONG'(으)로의 변환에는 축소 변환이 필요합니다.
C:\Users\lemon\Documents\SunHaven\SunHaven\SunHaven\FrameWork\GImage\GImage.h(128,14): warning C4244: '초기화 중': 'float'에서 'LONG'(으)로 변환하면서 데이터가 손실될 수 있습니다.
C:\Users\lemon\Documents\SunHaven\SunHaven\SunHaven\FrameWork\GImage\GImage.h(129,14): warning C4838: 'float'에서 'LONG'(으)로의 변환에는 축소 변환이 필요합니다.
C:\Users\lemon\Documents\SunHaven\SunHaven\SunHaven\FrameWork\GImage\GImage.h(129,14): warning C4244: '초기화 중': 'float'에서 'LONG'(으)로 변환하면서 데이터가 손실될 수 있습니다.
C:\Users\lemon\Documents\SunHaven\SunHaven\SunHaven\FrameWork\GImage\GImage.h(130,18): warning C4838: 'float'에서 'LONG'(으)로의 변환에는 축소 변환이 필요합니다.
C:\Users\lemon\Documents\SunHaven\SunHaven\SunHaven\FrameWork\GImage\GImage.h(130,18): warning C4244: '초기화 중': 'float'에서 'LONG'(으)로 변환하면서 데이터가 손실될 수 있습니다.
C:\Users\lemon\Documents\SunHaven\SunHaven\SunHaven\FrameWork\GImage\GImage.h(131,18): warning C4838: 'float'에서 'LONG'(으)로의 변환에는 축소 변환이 필요합니다.
C:\Users\lemon\Documents\SunHaven\SunHaven\SunHaven\FrameWork\GImage\GImage.h(131,18): warning C4244: '초기화 중': 'float'에서 'LONG'(으)로 변환하면서 데이터가 손실될 수 있습니다.
  TimeManager.cpp
C:\Users\lemon\Documents\SunHaven\SunHaven\SunHaven\FrameWork\GImage\GImage.h(116,14): warning C4838: 'float'에서 'LONG'(으)로의 변환에는 축소 변환이 필요합니다.
C:\Users\lemon\Documents\SunHaven\SunHaven\SunHaven\FrameWork\GImage\GImage.h(116,14): warning C4244: '초기화 중': 'float'에서 'LONG'(으)로 변환하면서 데이터가 손실될 수 있습니다.
C:\Users\lemon\Documents\SunHaven\SunHaven\SunHaven\FrameWork\GImage\GImage.h(117,14): warning C4838: 'float'에서 'LONG'(으)로의 변환에는 축소 변환이 필요합니다.
C:\Users\lemon\Documents\SunHaven\SunHaven\SunHaven\FrameWork\GImage\GImage.h(117,14): warning C4244: '초기화 중': 'float'에서 'LONG'(으)로 변환하면서 데이터가 손실될 수 있습니다.
C:\Users\lemon\Documents\SunHaven\SunHaven\SunHaven\FrameWork\GImage\GImage.h(118,18): warning C4838: 'float'에서 'LONG'(으)로의 변환에는 축소 변환이 필요합니다.
C:\Users\lemon\Documents\SunHaven\SunHaven\SunHaven\FrameWork\GImage\GImage.h(118,18): warning C4244: '초기화 중': 'float'에서 'LONG'(으)로 변환하면서 데이터가 손실될 수 있습니다.
C:\Users\lemon\Documents\SunHaven\SunHaven\SunHaven\FrameWork\GImage\GImage.h(119,18): warning C4838: 'float'에서 'LONG'(으)로의 변환에는 축소 변환이 필요합니다.
C:\Users\lemon\Documents\SunHaven\SunHaven\SunHaven\FrameWork\GImage\GImage.h(119,18): warning C4244: '초기화 중': 'float'에서 'LONG'(으)로 변환하면서 데이터가 손실될 수 있습니다.
C:\Users\lemon\Documents\SunHaven\SunHaven\SunHaven\FrameWork\GImage\GImage.h(128,14): warning C4838: 'float'에서 'LONG'(으)로의 변환에는 축소 변환이 필요합니다.
C:\Users\lemon\Documents\SunHaven\SunHaven\SunHaven\FrameWork\GImage\GImage.h(128,14): warning C4244: '초기화 중': 'float'에서 'LONG'(으)로 변환하면서 데이터가 손실될 수 있습니다.
C:\Users\lemon\Documents\SunHaven\SunHaven\SunHaven\FrameWork\GImage\GImage.h(129,14): warning C4838: 'float'에서 'LONG'(으)로의 변환에는 축소 변환이 필요합니다.
C:\Users\lemon\Documents\SunHaven\SunHaven\SunHaven\FrameWork\GImage\GImage.h(129,14): warning C4244: '초기화 중': 'float'에서 'LONG'(으)로 변환하면서 데이터가 손실될 수 있습니다.
C:\Users\lemon\Documents\SunHaven\SunHaven\SunHaven\FrameWork\GImage\GImage.h(130,18): warning C4838: 'float'에서 'LONG'(으)로의 변환에는 축소 변환이 필요합니다.
C:\Users\lemon\Documents\SunHaven\SunHaven\SunHaven\FrameWork\GImage\GImage.h(130,18): warning C4244: '초기화 중': 'float'에서 'LONG'(으)로 변환하면서 데이터가 손실될 수 있습니다.
C:\Users\lemon\Documents\SunHaven\SunHaven\SunHaven\FrameWork\GImage\GImage.h(131,18): warning C4838: 'float'에서 'LONG'(으)로의 변환에는 축소 변환이 필요합니다.
C:\Users\lemon\Documents\SunHaven\SunHaven\SunHaven\FrameWork\GImage\GImage.h(131,18): warning C4244: '초기화 중': 'float'에서 'LONG'(으)로 변환하면서 데이터가 손실될 수 있습니다.
C:\Users\lemon\Documents\SunHaven\SunHaven\SunHaven\Manager\TimeManager.cpp(39,44): error C2664: 'BOOL TextOutW(HDC,int,int,LPCWSTR,int)': 인수 4을(를) 'char [256]'에서 'LPCWSTR'(으)로 변환할 수 없습니다.
C:\Users\lemon\Documents\SunHaven\SunHaven\SunHaven\Manager\TimeManager.cpp(39,28): message : 가리킨 형식이 관련이 없습니다. 변환하려면 reinterpret_cast, C 스타일 캐스트 또는 함수 스타일 캐스트가 필요합니다.
C:\Program Files (x86)\Windows Kits\10\Include\10.0.19041.0\um\wingdi.h(5101,25): message : 'TextOutW' 선언을 참조하십시오.
C:\Users\lemon\Documents\SunHaven\SunHaven\SunHaven\Manager\TimeManager.cpp(42,45): error C2664: 'BOOL TextOutW(HDC,int,int,LPCWSTR,int)': 인수 4을(를) 'char [256]'에서 'LPCWSTR'(으)로 변환할 수 없습니다.
C:\Users\lemon\Documents\SunHaven\SunHaven\SunHaven\Manager\TimeManager.cpp(42,29): message : 가리킨 형식이 관련이 없습니다. 변환하려면 reinterpret_cast, C 스타일 캐스트 또는 함수 스타일 캐스트가 필요합니다.
C:\Program Files (x86)\Windows Kits\10\Include\10.0.19041.0\um\wingdi.h(5101,25): message : 'TextOutW' 선언을 참조하십시오.
C:\Users\lemon\Documents\SunHaven\SunHaven\SunHaven\Manager\TimeManager.cpp(45,45): error C2664: 'BOOL TextOutW(HDC,int,int,LPCWSTR,int)': 인수 4을(를) 'char [256]'에서 'LPCWSTR'(으)로 변환할 수 없습니다.
C:\Users\lemon\Documents\SunHaven\SunHaven\SunHaven\Manager\TimeManager.cpp(45,29): message : 가리킨 형식이 관련이 없습니다. 변환하려면 reinterpret_cast, C 스타일 캐스트 또는 함수 스타일 캐스트가 필요합니다.
C:\Program Files (x86)\Windows Kits\10\Include\10.0.19041.0\um\wingdi.h(5101,25): message : 'TextOutW' 선언을 참조하십시오.
  Timer.cpp
C:\Users\lemon\Documents\SunHaven\SunHaven\SunHaven\FrameWork\GImage\GImage.h(116,14): warning C4838: 'float'에서 'LONG'(으)로의 변환에는 축소 변환이 필요합니다.
C:\Users\lemon\Documents\SunHaven\SunHaven\SunHaven\FrameWork\GImage\GImage.h(116,14): warning C4244: '초기화 중': 'float'에서 'LONG'(으)로 변환하면서 데이터가 손실될 수 있습니다.
C:\Users\lemon\Documents\SunHaven\SunHaven\SunHaven\FrameWork\GImage\GImage.h(117,14): warning C4838: 'float'에서 'LONG'(으)로의 변환에는 축소 변환이 필요합니다.
C:\Users\lemon\Documents\SunHaven\SunHaven\SunHaven\FrameWork\GImage\GImage.h(117,14): warning C4244: '초기화 중': 'float'에서 'LONG'(으)로 변환하면서 데이터가 손실될 수 있습니다.
C:\Users\lemon\Documents\SunHaven\SunHaven\SunHaven\FrameWork\GImage\GImage.h(118,18): warning C4838: 'float'에서 'LONG'(으)로의 변환에는 축소 변환이 필요합니다.
C:\Users\lemon\Documents\SunHaven\SunHaven\SunHaven\FrameWork\GImage\GImage.h(118,18): warning C4244: '초기화 중': 'float'에서 'LONG'(으)로 변환하면서 데이터가 손실될 수 있습니다.
C:\Users\lemon\Documents\SunHaven\SunHaven\SunHaven\FrameWork\GImage\GImage.h(119,18): warning C4838: 'float'에서 'LONG'(으)로의 변환에는 축소 변환이 필요합니다.
C:\Users\lemon\Documents\SunHaven\SunHaven\SunHaven\FrameWork\GImage\GImage.h(119,18): warning C4244: '초기화 중': 'float'에서 'LONG'(으)로 변환하면서 데이터가 손실될 수 있습니다.
C:\Users\lemon\Documents\SunHaven\SunHaven\SunHaven\FrameWork\GImage\GImage.h(128,14): warning C4838: 'float'에서 'LONG'(으)로의 변환에는 축소 변환이 필요합니다.
C:\Users\lemon\Documents\SunHaven\SunHaven\SunHaven\FrameWork\GImage\GImage.h(128,14): warning C4244: '초기화 중': 'float'에서 'LONG'(으)로 변환하면서 데이터가 손실될 수 있습니다.
C:\Users\lemon\Documents\SunHaven\SunHaven\SunHaven\FrameWork\GImage\GImage.h(129,14): warning C4838: 'float'에서 'LONG'(으)로의 변환에는 축소 변환이 필요합니다.
C:\Users\lemon\Documents\SunHaven\SunHaven\SunHaven\FrameWork\GImage\GImage.h(129,14): warning C4244: '초기화 중': 'float'에서 'LONG'(으)로 변환하면서 데이터가 손실될 수 있습니다.
C:\Users\lemon\Documents\SunHaven\SunHaven\SunHaven\FrameWork\GImage\GImage.h(130,18): warning C4838: 'float'에서 'LONG'(으)로의 변환에는 축소 변환이 필요합니다.
C:\Users\lemon\Documents\SunHaven\SunHaven\SunHaven\FrameWork\GImage\GImage.h(130,18): warning C4244: '초기화 중': 'float'에서 'LONG'(으)로 변환하면서 데이터가 손실될 수 있습니다.
C:\Users\lemon\Documents\SunHaven\SunHaven\SunHaven\FrameWork\GImage\GImage.h(131,18): warning C4838: 'float'에서 'LONG'(으)로의 변환에는 축소 변환이 필요합니다.
C:\Users\lemon\Documents\SunHaven\SunHaven\SunHaven\FrameWork\GImage\GImage.h(131,18): warning C4244: '초기화 중': 'float'에서 'LONG'(으)로 변환하면서 데이터가 손실될 수 있습니다.
C:\Users\lemon\Documents\SunHaven\SunHaven\SunHaven\FrameWork\Timer\Timer.cpp(77,45): error C2664: 'int wsprintfW(LPWSTR,LPCWSTR,...)': 인수 1을(를) 'char *'에서 'LPWSTR'(으)로 변환할 수 없습니다.
C:\Users\lemon\Documents\SunHaven\SunHaven\SunHaven\FrameWork\Timer\Timer.cpp(77,18): message : 가리킨 형식이 관련이 없습니다. 변환하려면 reinterpret_cast, C 스타일 캐스트 또는 함수 스타일 캐스트가 필요합니다.
C:\Program Files (x86)\Windows Kits\10\Include\10.0.19041.0\um\winuser.h(333,1): message : 'wsprintfW' 선언을 참조하십시오.
  TitleScene.cpp
C:\Users\lemon\Documents\SunHaven\SunHaven\SunHaven\FrameWork\GImage\GImage.h(116,14): warning C4838: 'float'에서 'LONG'(으)로의 변환에는 축소 변환이 필요합니다.
C:\Users\lemon\Documents\SunHaven\SunHaven\SunHaven\FrameWork\GImage\GImage.h(116,14): warning C4244: '초기화 중': 'float'에서 'LONG'(으)로 변환하면서 데이터가 손실될 수 있습니다.
C:\Users\lemon\Documents\SunHaven\SunHaven\SunHaven\FrameWork\GImage\GImage.h(117,14): warning C4838: 'float'에서 'LONG'(으)로의 변환에는 축소 변환이 필요합니다.
C:\Users\lemon\Documents\SunHaven\SunHaven\SunHaven\FrameWork\GImage\GImage.h(117,14): warning C4244: '초기화 중': 'float'에서 'LONG'(으)로 변환하면서 데이터가 손실될 수 있습니다.
C:\Users\lemon\Documents\SunHaven\SunHaven\SunHaven\FrameWork\GImage\GImage.h(118,18): warning C4838: 'float'에서 'LONG'(으)로의 변환에는 축소 변환이 필요합니다.
C:\Users\lemon\Documents\SunHaven\SunHaven\SunHaven\FrameWork\GImage\GImage.h(118,18): warning C4244: '초기화 중': 'float'에서 'LONG'(으)로 변환하면서 데이터가 손실될 수 있습니다.
C:\Users\lemon\Documents\SunHaven\SunHaven\SunHaven\FrameWork\GImage\GImage.h(119,18): warning C4838: 'float'에서 'LONG'(으)로의 변환에는 축소 변환이 필요합니다.
C:\Users\lemon\Documents\SunHaven\SunHaven\SunHaven\FrameWork\GImage\GImage.h(119,18): warning C4244: '초기화 중': 'float'에서 'LONG'(으)로 변환하면서 데이터가 손실될 수 있습니다.
C:\Users\lemon\Documents\SunHaven\SunHaven\SunHaven\FrameWork\GImage\GImage.h(128,14): warning C4838: 'float'에서 'LONG'(으)로의 변환에는 축소 변환이 필요합니다.
C:\Users\lemon\Documents\SunHaven\SunHaven\SunHaven\FrameWork\GImage\GImage.h(128,14): warning C4244: '초기화 중': 'float'에서 'LONG'(으)로 변환하면서 데이터가 손실될 수 있습니다.
C:\Users\lemon\Documents\SunHaven\SunHaven\SunHaven\FrameWork\GImage\GImage.h(129,14): warning C4838: 'float'에서 'LONG'(으)로의 변환에는 축소 변환이 필요합니다.
C:\Users\lemon\Documents\SunHaven\SunHaven\SunHaven\FrameWork\GImage\GImage.h(129,14): warning C4244: '초기화 중': 'float'에서 'LONG'(으)로 변환하면서 데이터가 손실될 수 있습니다.
C:\Users\lemon\Documents\SunHaven\SunHaven\SunHaven\FrameWork\GImage\GImage.h(130,18): warning C4838: 'float'에서 'LONG'(으)로의 변환에는 축소 변환이 필요합니다.
C:\Users\lemon\Documents\SunHaven\SunHaven\SunHaven\FrameWork\GImage\GImage.h(130,18): warning C4244: '초기화 중': 'float'에서 'LONG'(으)로 변환하면서 데이터가 손실될 수 있습니다.
C:\Users\lemon\Documents\SunHaven\SunHaven\SunHaven\FrameWork\GImage\GImage.h(131,18): warning C4838: 'float'에서 'LONG'(으)로의 변환에는 축소 변환이 필요합니다.
C:\Users\lemon\Documents\SunHaven\SunHaven\SunHaven\FrameWork\GImage\GImage.h(131,18): warning C4244: '초기화 중': 'float'에서 'LONG'(으)로 변환하면서 데이터가 손실될 수 있습니다.
C:\Users\lemon\Documents\SunHaven\SunHaven\SunHaven\Scene\TitleScene.cpp(101,44): warning C4305: '인수': 'double'에서 'float'(으)로 잘립니다.
C:\Users\lemon\Documents\SunHaven\SunHaven\SunHaven\Scene\TitleScene.cpp(99,17): warning C4244: '인수': 'float'에서 'int'(으)로 변환하면서 데이터가 손실될 수 있습니다.
C:\Users\lemon\Documents\SunHaven\SunHaven\SunHaven\Scene\TitleScene.cpp(127,52): warning C4305: '인수': 'double'에서 'float'(으)로 잘립니다.
C:\Users\lemon\Documents\SunHaven\SunHaven\SunHaven\Scene\TitleScene.cpp(133,140): error C2664: 'void FontManager::textOut(HDC,int,int,char *,int,int,char *,int,COLORREF)': 인수 4을(를) 'const char [19]'에서 'char *'(으)로 변환할 수 없습니다.
C:\Users\lemon\Documents\SunHaven\SunHaven\SunHaven\Scene\TitleScene.cpp(133,51): message : 문자열 리터럴로부터의 변환은 const 한정자가 손실됩니다(/Zc:strictStrings 참조).
C:\Users\lemon\Documents\SunHaven\SunHaven\SunHaven\Manager\FontManager.h(7,7): message : 'FontManager::textOut' 선언을 참조하십시오.
C:\Users\lemon\Documents\SunHaven\SunHaven\SunHaven\Scene\TitleScene.cpp(134,136): error C2664: 'void FontManager::textOut(HDC,int,int,char *,int,int,char *,int,COLORREF)': 인수 4을(를) 'const char [19]'에서 'char *'(으)로 변환할 수 없습니다.
C:\Users\lemon\Documents\SunHaven\SunHaven\SunHaven\Scene\TitleScene.cpp(134,51): message : 문자열 리터럴로부터의 변환은 const 한정자가 손실됩니다(/Zc:strictStrings 참조).
C:\Users\lemon\Documents\SunHaven\SunHaven\SunHaven\Manager\FontManager.h(7,7): message : 'FontManager::textOut' 선언을 참조하십시오.
C:\Users\lemon\Documents\SunHaven\SunHaven\SunHaven\Scene\TitleScene.cpp(135,140): error C2664: 'void FontManager::textOut(HDC,int,int,char *,int,int,char *,int,COLORREF)': 인수 4을(를) 'const char [19]'에서 'char *'(으)로 변환할 수 없습니다.
C:\Users\lemon\Documents\SunHaven\SunHaven\SunHaven\Scene\TitleScene.cpp(135,51): message : 문자열 리터럴로부터의 변환은 const 한정자가 손실됩니다(/Zc:strictStrings 참조).
C:\Users\lemon\Documents\SunHaven\SunHaven\SunHaven\Manager\FontManager.h(7,7): message : 'FontManager::textOut' 선언을 참조하십시오.
C:\Users\lemon\Documents\SunHaven\SunHaven\SunHaven\Scene\TitleScene.cpp(140,160): error C2664: 'void FontManager::textOut(HDC,int,int,char *,int,int,char *,int,COLORREF)': 인수 4을(를) 'const char [19]'에서 'char *'(으)로 변환할 수 없습니다.
C:\Users\lemon\Documents\SunHaven\SunHaven\SunHaven\Scene\TitleScene.cpp(140,51): message : 문자열 리터럴로부터의 변환은 const 한정자가 손실됩니다(/Zc:strictStrings 참조).
C:\Users\lemon\Documents\SunHaven\SunHaven\SunHaven\Manager\FontManager.h(7,7): message : 'FontManager::textOut' 선언을 참조하십시오.
C:\Users\lemon\Documents\SunHaven\SunHaven\SunHaven\Scene\TitleScene.cpp(141,166): error C2664: 'void FontManager::textOut(HDC,int,int,char *,int,int,char *,int,COLORREF)': 인수 4을(를) 'const char [19]'에서 'char *'(으)로 변환할 수 없습니다.
C:\Users\lemon\Documents\SunHaven\SunHaven\SunHaven\Scene\TitleScene.cpp(141,51): message : 문자열 리터럴로부터의 변환은 const 한정자가 손실됩니다(/Zc:strictStrings 참조).
C:\Users\lemon\Documents\SunHaven\SunHaven\SunHaven\Manager\FontManager.h(7,7): message : 'FontManager::textOut' 선언을 참조하십시오.
C:\Users\lemon\Documents\SunHaven\SunHaven\SunHaven\Scene\TitleScene.cpp(142,134): error C2664: 'void FontManager::textOut(HDC,int,int,char *,int,int,char *,int,COLORREF)': 인수 4을(를) 'const char [19]'에서 'char *'(으)로 변환할 수 없습니다.
C:\Users\lemon\Documents\SunHaven\SunHaven\SunHaven\Scene\TitleScene.cpp(142,51): message : 문자열 리터럴로부터의 변환은 const 한정자가 손실됩니다(/Zc:strictStrings 참조).
C:\Users\lemon\Documents\SunHaven\SunHaven\SunHaven\Manager\FontManager.h(7,7): message : 'FontManager::textOut' 선언을 참조하십시오.
  UI.cpp
C:\Users\lemon\Documents\SunHaven\SunHaven\SunHaven\FrameWork\GImage\GImage.h(116,14): warning C4838: 'float'에서 'LONG'(으)로의 변환에는 축소 변환이 필요합니다.
C:\Users\lemon\Documents\SunHaven\SunHaven\SunHaven\FrameWork\GImage\GImage.h(116,14): warning C4244: '초기화 중': 'float'에서 'LONG'(으)로 변환하면서 데이터가 손실될 수 있습니다.
C:\Users\lemon\Documents\SunHaven\SunHaven\SunHaven\FrameWork\GImage\GImage.h(117,14): warning C4838: 'float'에서 'LONG'(으)로의 변환에는 축소 변환이 필요합니다.
C:\Users\lemon\Documents\SunHaven\SunHaven\SunHaven\FrameWork\GImage\GImage.h(117,14): warning C4244: '초기화 중': 'float'에서 'LONG'(으)로 변환하면서 데이터가 손실될 수 있습니다.
C:\Users\lemon\Documents\SunHaven\SunHaven\SunHaven\FrameWork\GImage\GImage.h(118,18): warning C4838: 'float'에서 'LONG'(으)로의 변환에는 축소 변환이 필요합니다.
C:\Users\lemon\Documents\SunHaven\SunHaven\SunHaven\FrameWork\GImage\GImage.h(118,18): warning C4244: '초기화 중': 'float'에서 'LONG'(으)로 변환하면서 데이터가 손실될 수 있습니다.
C:\Users\lemon\Documents\SunHaven\SunHaven\SunHaven\FrameWork\GImage\GImage.h(119,18): warning C4838: 'float'에서 'LONG'(으)로의 변환에는 축소 변환이 필요합니다.
C:\Users\lemon\Documents\SunHaven\SunHaven\SunHaven\FrameWork\GImage\GImage.h(119,18): warning C4244: '초기화 중': 'float'에서 'LONG'(으)로 변환하면서 데이터가 손실될 수 있습니다.
C:\Users\lemon\Documents\SunHaven\SunHaven\SunHaven\FrameWork\GImage\GImage.h(128,14): warning C4838: 'float'에서 'LONG'(으)로의 변환에는 축소 변환이 필요합니다.
C:\Users\lemon\Documents\SunHaven\SunHaven\SunHaven\FrameWork\GImage\GImage.h(128,14): warning C4244: '초기화 중': 'float'에서 'LONG'(으)로 변환하면서 데이터가 손실될 수 있습니다.
C:\Users\lemon\Documents\SunHaven\SunHaven\SunHaven\FrameWork\GImage\GImage.h(129,14): warning C4838: 'float'에서 'LONG'(으)로의 변환에는 축소 변환이 필요합니다.
C:\Users\lemon\Documents\SunHaven\SunHaven\SunHaven\FrameWork\GImage\GImage.h(129,14): warning C4244: '초기화 중': 'float'에서 'LONG'(으)로 변환하면서 데이터가 손실될 수 있습니다.
C:\Users\lemon\Documents\SunHaven\SunHaven\SunHaven\FrameWork\GImage\GImage.h(130,18): warning C4838: 'float'에서 'LONG'(으)로의 변환에는 축소 변환이 필요합니다.
C:\Users\lemon\Documents\SunHaven\SunHaven\SunHaven\FrameWork\GImage\GImage.h(130,18): warning C4244: '초기화 중': 'float'에서 'LONG'(으)로 변환하면서 데이터가 손실될 수 있습니다.
C:\Users\lemon\Documents\SunHaven\SunHaven\SunHaven\FrameWork\GImage\GImage.h(131,18): warning C4838: 'float'에서 'LONG'(으)로의 변환에는 축소 변환이 필요합니다.
C:\Users\lemon\Documents\SunHaven\SunHaven\SunHaven\FrameWork\GImage\GImage.h(131,18): warning C4244: '초기화 중': 'float'에서 'LONG'(으)로 변환하면서 데이터가 손실될 수 있습니다.
C:\Users\lemon\Documents\SunHaven\SunHaven\SunHaven\Class\UI.h(28,112): error C2440: '기본 인수': 'const char [1]'에서 'char *'(으)로 변환할 수 없습니다.
C:\Users\lemon\Documents\SunHaven\SunHaven\SunHaven\Class\UI.h(28,112): message : 문자열 리터럴로부터의 변환은 const 한정자가 손실됩니다(/Zc:strictStrings 참조).
C:\Users\lemon\Documents\SunHaven\SunHaven\SunHaven\Class\UI.cpp(21,50): warning C4244: '인수': 'float'에서 'int'(으)로 변환하면서 데이터가 손실될 수 있습니다.
C:\Users\lemon\Documents\SunHaven\SunHaven\SunHaven\Class\UI.cpp(21,38): warning C4244: '인수': 'float'에서 'int'(으)로 변환하면서 데이터가 손실될 수 있습니다.
C:\Users\lemon\Documents\SunHaven\SunHaven\SunHaven\Class\UI.cpp(53,145): error C2664: 'void FontManager::textOut(HDC,int,int,char *,int,int,char *,int,COLORREF)': 인수 4을(를) 'const char [20]'에서 'char *'(으)로 변환할 수 없습니다.
C:\Users\lemon\Documents\SunHaven\SunHaven\SunHaven\Class\UI.cpp(53,71): message : 문자열 리터럴로부터의 변환은 const 한정자가 손실됩니다(/Zc:strictStrings 참조).
C:\Users\lemon\Documents\SunHaven\SunHaven\SunHaven\Manager\FontManager.h(7,7): message : 'FontManager::textOut' 선언을 참조하십시오.
C:\Users\lemon\Documents\SunHaven\SunHaven\SunHaven\Class\UI.cpp(112,50): warning C4244: '인수': 'float'에서 'int'(으)로 변환하면서 데이터가 손실될 수 있습니다.
C:\Users\lemon\Documents\SunHaven\SunHaven\SunHaven\Class\UI.cpp(112,38): warning C4244: '인수': 'float'에서 'int'(으)로 변환하면서 데이터가 손실될 수 있습니다.
C:\Users\lemon\Documents\SunHaven\SunHaven\SunHaven\Class\UI.cpp(190,50): warning C4244: '인수': 'float'에서 'int'(으)로 변환하면서 데이터가 손실될 수 있습니다.
C:\Users\lemon\Documents\SunHaven\SunHaven\SunHaven\Class\UI.cpp(190,38): warning C4244: '인수': 'float'에서 'int'(으)로 변환하면서 데이터가 손실될 수 있습니다.
C:\Users\lemon\Documents\SunHaven\SunHaven\SunHaven\Class\UI.cpp(240,15): error C2664: 'void FontManager::textOut(HDC,int,int,char *,int,int,char *,int,COLORREF)': 인수 4을(를) 'const char [20]'에서 'char *'(으)로 변환할 수 없습니다.
C:\Users\lemon\Documents\SunHaven\SunHaven\SunHaven\Class\UI.cpp(240,86): message : 문자열 리터럴로부터의 변환은 const 한정자가 손실됩니다(/Zc:strictStrings 참조).
C:\Users\lemon\Documents\SunHaven\SunHaven\SunHaven\Manager\FontManager.h(7,7): message : 'FontManager::textOut' 선언을 참조하십시오.
  WinMain.cpp
C:\Users\lemon\Documents\SunHaven\SunHaven\SunHaven\FrameWork\GImage\GImage.h(116,14): warning C4838: 'float'에서 'LONG'(으)로의 변환에는 축소 변환이 필요합니다.
C:\Users\lemon\Documents\SunHaven\SunHaven\SunHaven\FrameWork\GImage\GImage.h(116,14): warning C4244: '초기화 중': 'float'에서 'LONG'(으)로 변환하면서 데이터가 손실될 수 있습니다.
C:\Users\lemon\Documents\SunHaven\SunHaven\SunHaven\FrameWork\GImage\GImage.h(117,14): warning C4838: 'float'에서 'LONG'(으)로의 변환에는 축소 변환이 필요합니다.
C:\Users\lemon\Documents\SunHaven\SunHaven\SunHaven\FrameWork\GImage\GImage.h(117,14): warning C4244: '초기화 중': 'float'에서 'LONG'(으)로 변환하면서 데이터가 손실될 수 있습니다.
C:\Users\lemon\Documents\SunHaven\SunHaven\SunHaven\FrameWork\GImage\GImage.h(118,18): warning C4838: 'float'에서 'LONG'(으)로의 변환에는 축소 변환이 필요합니다.
C:\Users\lemon\Documents\SunHaven\SunHaven\SunHaven\FrameWork\GImage\GImage.h(118,18): warning C4244: '초기화 중': 'float'에서 'LONG'(으)로 변환하면서 데이터가 손실될 수 있습니다.
C:\Users\lemon\Documents\SunHaven\SunHaven\SunHaven\FrameWork\GImage\GImage.h(119,18): warning C4838: 'float'에서 'LONG'(으)로의 변환에는 축소 변환이 필요합니다.
C:\Users\lemon\Documents\SunHaven\SunHaven\SunHaven\FrameWork\GImage\GImage.h(119,18): warning C4244: '초기화 중': 'float'에서 'LONG'(으)로 변환하면서 데이터가 손실될 수 있습니다.
C:\Users\lemon\Documents\SunHaven\SunHaven\SunHaven\FrameWork\GImage\GImage.h(128,14): warning C4838: 'float'에서 'LONG'(으)로의 변환에는 축소 변환이 필요합니다.
C:\Users\lemon\Documents\SunHaven\SunHaven\SunHaven\FrameWork\GImage\GImage.h(128,14): warning C4244: '초기화 중': 'float'에서 'LONG'(으)로 변환하면서 데이터가 손실될 수 있습니다.
C:\Users\lemon\Documents\SunHaven\SunHaven\SunHaven\FrameWork\GImage\GImage.h(129,14): warning C4838: 'float'에서 'LONG'(으)로의 변환에는 축소 변환이 필요합니다.
C:\Users\lemon\Documents\SunHaven\SunHaven\SunHaven\FrameWork\GImage\GImage.h(129,14): warning C4244: '초기화 중': 'float'에서 'LONG'(으)로 변환하면서 데이터가 손실될 수 있습니다.
C:\Users\lemon\Documents\SunHaven\SunHaven\SunHaven\FrameWork\GImage\GImage.h(130,18): warning C4838: 'float'에서 'LONG'(으)로의 변환에는 축소 변환이 필요합니다.
C:\Users\lemon\Documents\SunHaven\SunHaven\SunHaven\FrameWork\GImage\GImage.h(130,18): warning C4244: '초기화 중': 'float'에서 'LONG'(으)로 변환하면서 데이터가 손실될 수 있습니다.
C:\Users\lemon\Documents\SunHaven\SunHaven\SunHaven\FrameWork\GImage\GImage.h(131,18): warning C4838: 'float'에서 'LONG'(으)로의 변환에는 축소 변환이 필요합니다.
C:\Users\lemon\Documents\SunHaven\SunHaven\SunHaven\FrameWork\GImage\GImage.h(131,18): warning C4244: '초기화 중': 'float'에서 'LONG'(으)로 변환하면서 데이터가 손실될 수 있습니다.
C:\Users\lemon\Documents\SunHaven\SunHaven\SunHaven\WinMain.cpp(89,19): warning C4244: 'return': 'WPARAM'에서 'int'(으)로 변환하면서 데이터가 손실될 수 있습니다.
  코드를 생성하고 있습니다...
